2025-03-11 08:53:18,342 - DEBUG - Current User ID: None, Level ID: 1
2025-03-11 08:53:18,351 - WARNING - Bad Request: /helpdesk/
2025-03-11 08:53:29,758 - DEBUG - Current User ID: None, Level ID: 1
2025-03-11 08:53:29,758 - WARNING - Bad Request: /helpdesk/
2025-03-11 08:55:51,558 - INFO - C:\Users\dicky.anwar\Videos\app\ERP-PythonDjango-4.2\erp\backend\auth.py changed, reloading.
2025-03-11 08:56:27,501 - INFO - C:\Users\dicky.anwar\Videos\app\ERP-PythonDjango-4.2\erp\backend\helpdesk.py changed, reloading.
2025-03-11 08:56:30,060 - DEBUG - Current User ID: 1, Level ID: 1
2025-03-11 08:56:30,060 - DEBUG - Executed Query: 
            SELECT a.id, c.first_name AS sender, a.message, a.created_at 
            FROM helpdesk_inbox AS a
            JOIN auth_user AS c ON a.user_id_sender = c.id
            WHERE a.status != '2' AND (
                (a.user_id_receiver IS NOT NULL AND a.user_id_receiver = %s) OR
                (a.user_id_receiver IS NULL AND a.group_id = %s)
            )
            ORDER BY a.id DESC
         | Params: 1, 1
2025-03-11 08:56:30,060 - DEBUG - Query Result: ((3, 'diky', 'apakah data ini masuk?', datetime.datetime(2025, 2, 5, 1, 20, 21)), (2, 'budi', 'Puji syukur kita panjatkan ke hadirat Tuhan Yang Maha Esa, karena dengan rahmat-Nya, kita semua masih diberi kesempatan untuk berkumpul di sini dalam keadaan sehat wal afiat. Pada kesempatan yang berbahagia ini, saya ingin menyampaikan beberapa patah kata mengenai kebangsaan kita, mengenai apa yang telah kita raih, dan apa yang harus kita perjuangkan bersama untuk masa depan bangsa.\n\nSaudara-saudara sekalian,\nBangsa Indonesia, yang terdiri dari beragam suku, agama, dan budaya, adalah contoh nyata dari kekuatan dalam keberagaman. Sejarah panjang perjuangan kemerdekaan kita telah membuktikan bahwa perbedaan tidaklah menjadi penghalang, melainkan kekuatan yang menyatukan kita. Dari Sabang sampai Merauke, dari Miangas sampai Pulau Rote, kita adalah satu, dalam semangat yang sama: Indonesia maju.', datetime.datetime(2025, 2, 5, 10, 53)), (1, 'ridwan', 'tolong perbaiki', datetime.datetime(2025, 2, 4, 9, 6, 29)))
2025-03-11 08:57:54,764 - DEBUG - Current User ID: 1, Level ID: 1
2025-03-11 08:57:54,769 - DEBUG - Executed Query: 
            SELECT a.id, c.first_name AS sender, a.message, a.created_at 
            FROM helpdesk_inbox AS a
            JOIN auth_user AS c ON a.user_id_sender = c.id
            WHERE a.status != '2' AND (
                (a.user_id_receiver IS NOT NULL AND a.user_id_receiver = %s) OR
                (a.user_id_receiver IS NULL AND a.group_id = %s)
            )
            ORDER BY a.id DESC
         | Params: 1, 1
2025-03-11 08:57:54,777 - DEBUG - Query Result: ((3, 'diky', 'apakah data ini masuk?', datetime.datetime(2025, 2, 5, 1, 20, 21)), (2, 'budi', 'Puji syukur kita panjatkan ke hadirat Tuhan Yang Maha Esa, karena dengan rahmat-Nya, kita semua masih diberi kesempatan untuk berkumpul di sini dalam keadaan sehat wal afiat. Pada kesempatan yang berbahagia ini, saya ingin menyampaikan beberapa patah kata mengenai kebangsaan kita, mengenai apa yang telah kita raih, dan apa yang harus kita perjuangkan bersama untuk masa depan bangsa.\n\nSaudara-saudara sekalian,\nBangsa Indonesia, yang terdiri dari beragam suku, agama, dan budaya, adalah contoh nyata dari kekuatan dalam keberagaman. Sejarah panjang perjuangan kemerdekaan kita telah membuktikan bahwa perbedaan tidaklah menjadi penghalang, melainkan kekuatan yang menyatukan kita. Dari Sabang sampai Merauke, dari Miangas sampai Pulau Rote, kita adalah satu, dalam semangat yang sama: Indonesia maju.', datetime.datetime(2025, 2, 5, 10, 53)), (1, 'ridwan', 'tolong perbaiki', datetime.datetime(2025, 2, 4, 9, 6, 29)))
2025-03-11 08:58:08,353 - DEBUG - Current User ID: 1, Level ID: 1
2025-03-11 08:58:08,354 - DEBUG - Executed Query: 
            SELECT a.id, c.first_name AS sender, a.message, a.created_at 
            FROM helpdesk_inbox AS a
            JOIN auth_user AS c ON a.user_id_sender = c.id
            WHERE a.status != '2' AND (
                (a.user_id_receiver IS NOT NULL AND a.user_id_receiver = %s) OR
                (a.user_id_receiver IS NULL AND a.group_id = %s)
            )
            ORDER BY a.id DESC
         | Params: 1, 1
2025-03-11 08:58:08,354 - DEBUG - Query Result: ((3, 'diky', 'apakah data ini masuk?', datetime.datetime(2025, 2, 5, 1, 20, 21)), (2, 'budi', 'Puji syukur kita panjatkan ke hadirat Tuhan Yang Maha Esa, karena dengan rahmat-Nya, kita semua masih diberi kesempatan untuk berkumpul di sini dalam keadaan sehat wal afiat. Pada kesempatan yang berbahagia ini, saya ingin menyampaikan beberapa patah kata mengenai kebangsaan kita, mengenai apa yang telah kita raih, dan apa yang harus kita perjuangkan bersama untuk masa depan bangsa.\n\nSaudara-saudara sekalian,\nBangsa Indonesia, yang terdiri dari beragam suku, agama, dan budaya, adalah contoh nyata dari kekuatan dalam keberagaman. Sejarah panjang perjuangan kemerdekaan kita telah membuktikan bahwa perbedaan tidaklah menjadi penghalang, melainkan kekuatan yang menyatukan kita. Dari Sabang sampai Merauke, dari Miangas sampai Pulau Rote, kita adalah satu, dalam semangat yang sama: Indonesia maju.', datetime.datetime(2025, 2, 5, 10, 53)), (1, 'ridwan', 'tolong perbaiki', datetime.datetime(2025, 2, 4, 9, 6, 29)))
2025-03-11 09:03:22,761 - WARNING - Not Found: /profile/assets/images/users/avatar-1.jpg
2025-03-11 09:03:22,771 - DEBUG - Current User ID: 1, Level ID: 1
2025-03-11 09:03:22,772 - DEBUG - Executed Query: 
            SELECT a.id, c.first_name AS sender, a.message, a.created_at 
            FROM helpdesk_inbox AS a
            JOIN auth_user AS c ON a.user_id_sender = c.id
            WHERE a.status != '2' AND (
                (a.user_id_receiver IS NOT NULL AND a.user_id_receiver = %s) OR
                (a.user_id_receiver IS NULL AND a.group_id = %s)
            )
            ORDER BY a.id DESC
         | Params: 1, 1
2025-03-11 09:03:22,772 - DEBUG - Query Result: ((3, 'diky', 'apakah data ini masuk?', datetime.datetime(2025, 2, 5, 1, 20, 21)), (2, 'budi', 'Puji syukur kita panjatkan ke hadirat Tuhan Yang Maha Esa, karena dengan rahmat-Nya, kita semua masih diberi kesempatan untuk berkumpul di sini dalam keadaan sehat wal afiat. Pada kesempatan yang berbahagia ini, saya ingin menyampaikan beberapa patah kata mengenai kebangsaan kita, mengenai apa yang telah kita raih, dan apa yang harus kita perjuangkan bersama untuk masa depan bangsa.\n\nSaudara-saudara sekalian,\nBangsa Indonesia, yang terdiri dari beragam suku, agama, dan budaya, adalah contoh nyata dari kekuatan dalam keberagaman. Sejarah panjang perjuangan kemerdekaan kita telah membuktikan bahwa perbedaan tidaklah menjadi penghalang, melainkan kekuatan yang menyatukan kita. Dari Sabang sampai Merauke, dari Miangas sampai Pulau Rote, kita adalah satu, dalam semangat yang sama: Indonesia maju.', datetime.datetime(2025, 2, 5, 10, 53)), (1, 'ridwan', 'tolong perbaiki', datetime.datetime(2025, 2, 4, 9, 6, 29)))
2025-03-15 07:46:21,687 - DEBUG - Current User ID: 1, Level ID: 1
2025-03-15 07:46:21,719 - DEBUG - Executed Query: 
            SELECT a.id, c.first_name AS sender, a.message, a.created_at 
            FROM helpdesk_inbox AS a
            JOIN auth_user AS c ON a.user_id_sender = c.id
            WHERE a.status != '2' AND (
                (a.user_id_receiver IS NOT NULL AND a.user_id_receiver = %s) OR
                (a.user_id_receiver IS NULL AND a.group_id = %s)
            )
            ORDER BY a.id DESC
         | Params: 1, 1
2025-03-15 07:46:21,719 - DEBUG - Query Result: ((3, 'diky', 'apakah data ini masuk?', datetime.datetime(2025, 2, 5, 1, 20, 21)), (2, 'budi', 'Puji syukur kita panjatkan ke hadirat Tuhan Yang Maha Esa, karena dengan rahmat-Nya, kita semua masih diberi kesempatan untuk berkumpul di sini dalam keadaan sehat wal afiat. Pada kesempatan yang berbahagia ini, saya ingin menyampaikan beberapa patah kata mengenai kebangsaan kita, mengenai apa yang telah kita raih, dan apa yang harus kita perjuangkan bersama untuk masa depan bangsa.\n\nSaudara-saudara sekalian,\nBangsa Indonesia, yang terdiri dari beragam suku, agama, dan budaya, adalah contoh nyata dari kekuatan dalam keberagaman. Sejarah panjang perjuangan kemerdekaan kita telah membuktikan bahwa perbedaan tidaklah menjadi penghalang, melainkan kekuatan yang menyatukan kita. Dari Sabang sampai Merauke, dari Miangas sampai Pulau Rote, kita adalah satu, dalam semangat yang sama: Indonesia maju.', datetime.datetime(2025, 2, 5, 10, 53)), (1, 'ridwan', 'tolong perbaiki', datetime.datetime(2025, 2, 4, 9, 6, 29)))
2025-03-15 07:50:32,115 - DEBUG - Current User ID: 1, Level ID: 1
2025-03-15 07:50:32,115 - DEBUG - Executed Query: 
            SELECT a.id, c.first_name AS sender, a.message, a.created_at 
            FROM helpdesk_inbox AS a
            JOIN auth_user AS c ON a.user_id_sender = c.id
            WHERE a.status != '2' AND (
                (a.user_id_receiver IS NOT NULL AND a.user_id_receiver = %s) OR
                (a.user_id_receiver IS NULL AND a.group_id = %s)
            )
            ORDER BY a.id DESC
         | Params: 1, 1
2025-03-15 07:50:32,115 - DEBUG - Query Result: ((3, 'diky', 'apakah data ini masuk?', datetime.datetime(2025, 2, 5, 1, 20, 21)), (2, 'budi', 'Puji syukur kita panjatkan ke hadirat Tuhan Yang Maha Esa, karena dengan rahmat-Nya, kita semua masih diberi kesempatan untuk berkumpul di sini dalam keadaan sehat wal afiat. Pada kesempatan yang berbahagia ini, saya ingin menyampaikan beberapa patah kata mengenai kebangsaan kita, mengenai apa yang telah kita raih, dan apa yang harus kita perjuangkan bersama untuk masa depan bangsa.\n\nSaudara-saudara sekalian,\nBangsa Indonesia, yang terdiri dari beragam suku, agama, dan budaya, adalah contoh nyata dari kekuatan dalam keberagaman. Sejarah panjang perjuangan kemerdekaan kita telah membuktikan bahwa perbedaan tidaklah menjadi penghalang, melainkan kekuatan yang menyatukan kita. Dari Sabang sampai Merauke, dari Miangas sampai Pulau Rote, kita adalah satu, dalam semangat yang sama: Indonesia maju.', datetime.datetime(2025, 2, 5, 10, 53)), (1, 'ridwan', 'tolong perbaiki', datetime.datetime(2025, 2, 4, 9, 6, 29)))
2025-03-15 07:50:33,760 - DEBUG - Current User ID: 1, Level ID: 1
2025-03-15 07:50:33,768 - DEBUG - Executed Query: 
            SELECT a.id, c.first_name AS sender, a.message, a.created_at 
            FROM helpdesk_inbox AS a
            JOIN auth_user AS c ON a.user_id_sender = c.id
            WHERE a.status != '2' AND (
                (a.user_id_receiver IS NOT NULL AND a.user_id_receiver = %s) OR
                (a.user_id_receiver IS NULL AND a.group_id = %s)
            )
            ORDER BY a.id DESC
         | Params: 1, 1
2025-03-15 07:50:33,775 - DEBUG - Query Result: ((3, 'diky', 'apakah data ini masuk?', datetime.datetime(2025, 2, 5, 1, 20, 21)), (2, 'budi', 'Puji syukur kita panjatkan ke hadirat Tuhan Yang Maha Esa, karena dengan rahmat-Nya, kita semua masih diberi kesempatan untuk berkumpul di sini dalam keadaan sehat wal afiat. Pada kesempatan yang berbahagia ini, saya ingin menyampaikan beberapa patah kata mengenai kebangsaan kita, mengenai apa yang telah kita raih, dan apa yang harus kita perjuangkan bersama untuk masa depan bangsa.\n\nSaudara-saudara sekalian,\nBangsa Indonesia, yang terdiri dari beragam suku, agama, dan budaya, adalah contoh nyata dari kekuatan dalam keberagaman. Sejarah panjang perjuangan kemerdekaan kita telah membuktikan bahwa perbedaan tidaklah menjadi penghalang, melainkan kekuatan yang menyatukan kita. Dari Sabang sampai Merauke, dari Miangas sampai Pulau Rote, kita adalah satu, dalam semangat yang sama: Indonesia maju.', datetime.datetime(2025, 2, 5, 10, 53)), (1, 'ridwan', 'tolong perbaiki', datetime.datetime(2025, 2, 4, 9, 6, 29)))
2025-03-15 07:52:44,490 - DEBUG - Current User ID: 1, Level ID: 1
2025-03-15 07:52:44,495 - DEBUG - Executed Query: 
            SELECT a.id, c.first_name AS sender, a.message, a.created_at 
            FROM helpdesk_inbox AS a
            JOIN auth_user AS c ON a.user_id_sender = c.id
            WHERE a.status != '2' AND (
                (a.user_id_receiver IS NOT NULL AND a.user_id_receiver = %s) OR
                (a.user_id_receiver IS NULL AND a.group_id = %s)
            )
            ORDER BY a.id DESC
         | Params: 1, 1
2025-03-15 07:52:44,495 - DEBUG - Query Result: ((3, 'diky', 'apakah data ini masuk?', datetime.datetime(2025, 2, 5, 1, 20, 21)), (2, 'budi', 'Puji syukur kita panjatkan ke hadirat Tuhan Yang Maha Esa, karena dengan rahmat-Nya, kita semua masih diberi kesempatan untuk berkumpul di sini dalam keadaan sehat wal afiat. Pada kesempatan yang berbahagia ini, saya ingin menyampaikan beberapa patah kata mengenai kebangsaan kita, mengenai apa yang telah kita raih, dan apa yang harus kita perjuangkan bersama untuk masa depan bangsa.\n\nSaudara-saudara sekalian,\nBangsa Indonesia, yang terdiri dari beragam suku, agama, dan budaya, adalah contoh nyata dari kekuatan dalam keberagaman. Sejarah panjang perjuangan kemerdekaan kita telah membuktikan bahwa perbedaan tidaklah menjadi penghalang, melainkan kekuatan yang menyatukan kita. Dari Sabang sampai Merauke, dari Miangas sampai Pulau Rote, kita adalah satu, dalam semangat yang sama: Indonesia maju.', datetime.datetime(2025, 2, 5, 10, 53)), (1, 'ridwan', 'tolong perbaiki', datetime.datetime(2025, 2, 4, 9, 6, 29)))
2025-03-15 07:52:45,940 - DEBUG - Current User ID: 1, Level ID: 1
2025-03-15 07:52:45,940 - DEBUG - Executed Query: 
            SELECT a.id, c.first_name AS sender, a.message, a.created_at 
            FROM helpdesk_inbox AS a
            JOIN auth_user AS c ON a.user_id_sender = c.id
            WHERE a.status != '2' AND (
                (a.user_id_receiver IS NOT NULL AND a.user_id_receiver = %s) OR
                (a.user_id_receiver IS NULL AND a.group_id = %s)
            )
            ORDER BY a.id DESC
         | Params: 1, 1
2025-03-15 07:52:45,940 - DEBUG - Query Result: ((3, 'diky', 'apakah data ini masuk?', datetime.datetime(2025, 2, 5, 1, 20, 21)), (2, 'budi', 'Puji syukur kita panjatkan ke hadirat Tuhan Yang Maha Esa, karena dengan rahmat-Nya, kita semua masih diberi kesempatan untuk berkumpul di sini dalam keadaan sehat wal afiat. Pada kesempatan yang berbahagia ini, saya ingin menyampaikan beberapa patah kata mengenai kebangsaan kita, mengenai apa yang telah kita raih, dan apa yang harus kita perjuangkan bersama untuk masa depan bangsa.\n\nSaudara-saudara sekalian,\nBangsa Indonesia, yang terdiri dari beragam suku, agama, dan budaya, adalah contoh nyata dari kekuatan dalam keberagaman. Sejarah panjang perjuangan kemerdekaan kita telah membuktikan bahwa perbedaan tidaklah menjadi penghalang, melainkan kekuatan yang menyatukan kita. Dari Sabang sampai Merauke, dari Miangas sampai Pulau Rote, kita adalah satu, dalam semangat yang sama: Indonesia maju.', datetime.datetime(2025, 2, 5, 10, 53)), (1, 'ridwan', 'tolong perbaiki', datetime.datetime(2025, 2, 4, 9, 6, 29)))
2025-03-15 07:58:26,526 - INFO - C:\Users\dicky.anwar\Videos\app\ERP-PythonDjango-4.2\erp\urls.py changed, reloading.
2025-03-15 07:58:36,609 - INFO - C:\Users\dicky.anwar\Videos\app\ERP-PythonDjango-4.2\erp\urls.py changed, reloading.
2025-03-15 07:58:48,215 - INFO - C:\Users\dicky.anwar\Videos\app\ERP-PythonDjango-4.2\erp\urls.py changed, reloading.
2025-03-15 07:58:52,806 - INFO - C:\Users\dicky.anwar\Videos\app\ERP-PythonDjango-4.2\erp\urls.py changed, reloading.
2025-03-15 07:58:59,978 - INFO - C:\Users\dicky.anwar\Videos\app\ERP-PythonDjango-4.2\erp\urls.py changed, reloading.
2025-03-15 07:59:13,791 - INFO - C:\Users\dicky.anwar\Videos\app\ERP-PythonDjango-4.2\erp\urls.py changed, reloading.
2025-03-15 07:59:25,586 - INFO - C:\Users\dicky.anwar\Videos\app\ERP-PythonDjango-4.2\erp\urls.py changed, reloading.
2025-03-15 07:59:36,562 - DEBUG - Current User ID: 1, Level ID: 1
2025-03-15 07:59:36,588 - DEBUG - Executed Query: 
            SELECT a.id, c.first_name AS sender, a.message, a.created_at 
            FROM helpdesk_inbox AS a
            JOIN auth_user AS c ON a.user_id_sender = c.id
            WHERE a.status != '2' AND (
                (a.user_id_receiver IS NOT NULL AND a.user_id_receiver = %s) OR
                (a.user_id_receiver IS NULL AND a.group_id = %s)
            )
            ORDER BY a.id DESC
         | Params: 1, 1
2025-03-15 07:59:36,588 - DEBUG - Query Result: ((3, 'diky', 'apakah data ini masuk?', datetime.datetime(2025, 2, 5, 1, 20, 21)), (2, 'budi', 'Puji syukur kita panjatkan ke hadirat Tuhan Yang Maha Esa, karena dengan rahmat-Nya, kita semua masih diberi kesempatan untuk berkumpul di sini dalam keadaan sehat wal afiat. Pada kesempatan yang berbahagia ini, saya ingin menyampaikan beberapa patah kata mengenai kebangsaan kita, mengenai apa yang telah kita raih, dan apa yang harus kita perjuangkan bersama untuk masa depan bangsa.\n\nSaudara-saudara sekalian,\nBangsa Indonesia, yang terdiri dari beragam suku, agama, dan budaya, adalah contoh nyata dari kekuatan dalam keberagaman. Sejarah panjang perjuangan kemerdekaan kita telah membuktikan bahwa perbedaan tidaklah menjadi penghalang, melainkan kekuatan yang menyatukan kita. Dari Sabang sampai Merauke, dari Miangas sampai Pulau Rote, kita adalah satu, dalam semangat yang sama: Indonesia maju.', datetime.datetime(2025, 2, 5, 10, 53)), (1, 'ridwan', 'tolong perbaiki', datetime.datetime(2025, 2, 4, 9, 6, 29)))
2025-03-15 07:59:38,056 - DEBUG - Current User ID: 1, Level ID: 1
2025-03-15 07:59:38,056 - DEBUG - Executed Query: 
            SELECT a.id, c.first_name AS sender, a.message, a.created_at 
            FROM helpdesk_inbox AS a
            JOIN auth_user AS c ON a.user_id_sender = c.id
            WHERE a.status != '2' AND (
                (a.user_id_receiver IS NOT NULL AND a.user_id_receiver = %s) OR
                (a.user_id_receiver IS NULL AND a.group_id = %s)
            )
            ORDER BY a.id DESC
         | Params: 1, 1
2025-03-15 07:59:38,056 - DEBUG - Query Result: ((3, 'diky', 'apakah data ini masuk?', datetime.datetime(2025, 2, 5, 1, 20, 21)), (2, 'budi', 'Puji syukur kita panjatkan ke hadirat Tuhan Yang Maha Esa, karena dengan rahmat-Nya, kita semua masih diberi kesempatan untuk berkumpul di sini dalam keadaan sehat wal afiat. Pada kesempatan yang berbahagia ini, saya ingin menyampaikan beberapa patah kata mengenai kebangsaan kita, mengenai apa yang telah kita raih, dan apa yang harus kita perjuangkan bersama untuk masa depan bangsa.\n\nSaudara-saudara sekalian,\nBangsa Indonesia, yang terdiri dari beragam suku, agama, dan budaya, adalah contoh nyata dari kekuatan dalam keberagaman. Sejarah panjang perjuangan kemerdekaan kita telah membuktikan bahwa perbedaan tidaklah menjadi penghalang, melainkan kekuatan yang menyatukan kita. Dari Sabang sampai Merauke, dari Miangas sampai Pulau Rote, kita adalah satu, dalam semangat yang sama: Indonesia maju.', datetime.datetime(2025, 2, 5, 10, 53)), (1, 'ridwan', 'tolong perbaiki', datetime.datetime(2025, 2, 4, 9, 6, 29)))
2025-03-15 07:59:39,256 - DEBUG - Current User ID: 1, Level ID: 1
2025-03-15 07:59:39,256 - DEBUG - Executed Query: 
            SELECT a.id, c.first_name AS sender, a.message, a.created_at 
            FROM helpdesk_inbox AS a
            JOIN auth_user AS c ON a.user_id_sender = c.id
            WHERE a.status != '2' AND (
                (a.user_id_receiver IS NOT NULL AND a.user_id_receiver = %s) OR
                (a.user_id_receiver IS NULL AND a.group_id = %s)
            )
            ORDER BY a.id DESC
         | Params: 1, 1
2025-03-15 07:59:39,256 - DEBUG - Query Result: ((3, 'diky', 'apakah data ini masuk?', datetime.datetime(2025, 2, 5, 1, 20, 21)), (2, 'budi', 'Puji syukur kita panjatkan ke hadirat Tuhan Yang Maha Esa, karena dengan rahmat-Nya, kita semua masih diberi kesempatan untuk berkumpul di sini dalam keadaan sehat wal afiat. Pada kesempatan yang berbahagia ini, saya ingin menyampaikan beberapa patah kata mengenai kebangsaan kita, mengenai apa yang telah kita raih, dan apa yang harus kita perjuangkan bersama untuk masa depan bangsa.\n\nSaudara-saudara sekalian,\nBangsa Indonesia, yang terdiri dari beragam suku, agama, dan budaya, adalah contoh nyata dari kekuatan dalam keberagaman. Sejarah panjang perjuangan kemerdekaan kita telah membuktikan bahwa perbedaan tidaklah menjadi penghalang, melainkan kekuatan yang menyatukan kita. Dari Sabang sampai Merauke, dari Miangas sampai Pulau Rote, kita adalah satu, dalam semangat yang sama: Indonesia maju.', datetime.datetime(2025, 2, 5, 10, 53)), (1, 'ridwan', 'tolong perbaiki', datetime.datetime(2025, 2, 4, 9, 6, 29)))
2025-03-15 08:03:53,833 - INFO - C:\Users\dicky.anwar\Videos\app\ERP-PythonDjango-4.2\myproject\settings.py changed, reloading.
2025-03-15 08:04:26,291 - INFO - C:\Users\dicky.anwar\Videos\app\ERP-PythonDjango-4.2\myproject\settings.py changed, reloading.
2025-03-15 08:04:28,634 - INFO - C:\Users\dicky.anwar\Videos\app\ERP-PythonDjango-4.2\myproject\settings.py changed, reloading.
2025-03-15 08:04:32,034 - INFO - C:\Users\dicky.anwar\Videos\app\ERP-PythonDjango-4.2\myproject\settings.py changed, reloading.
2025-03-15 08:04:40,847 - DEBUG - Current User ID: 1, Level ID: 1
2025-03-15 08:04:40,857 - DEBUG - Executed Query: 
            SELECT a.id, c.first_name AS sender, a.message, a.created_at 
            FROM helpdesk_inbox AS a
            JOIN auth_user AS c ON a.user_id_sender = c.id
            WHERE a.status != '2' AND (
                (a.user_id_receiver IS NOT NULL AND a.user_id_receiver = %s) OR
                (a.user_id_receiver IS NULL AND a.group_id = %s)
            )
            ORDER BY a.id DESC
         | Params: 1, 1
2025-03-15 08:04:40,860 - DEBUG - Query Result: ((3, 'diky', 'apakah data ini masuk?', datetime.datetime(2025, 2, 5, 1, 20, 21)), (2, 'budi', 'Puji syukur kita panjatkan ke hadirat Tuhan Yang Maha Esa, karena dengan rahmat-Nya, kita semua masih diberi kesempatan untuk berkumpul di sini dalam keadaan sehat wal afiat. Pada kesempatan yang berbahagia ini, saya ingin menyampaikan beberapa patah kata mengenai kebangsaan kita, mengenai apa yang telah kita raih, dan apa yang harus kita perjuangkan bersama untuk masa depan bangsa.\n\nSaudara-saudara sekalian,\nBangsa Indonesia, yang terdiri dari beragam suku, agama, dan budaya, adalah contoh nyata dari kekuatan dalam keberagaman. Sejarah panjang perjuangan kemerdekaan kita telah membuktikan bahwa perbedaan tidaklah menjadi penghalang, melainkan kekuatan yang menyatukan kita. Dari Sabang sampai Merauke, dari Miangas sampai Pulau Rote, kita adalah satu, dalam semangat yang sama: Indonesia maju.', datetime.datetime(2025, 2, 5, 10, 53)), (1, 'ridwan', 'tolong perbaiki', datetime.datetime(2025, 2, 4, 9, 6, 29)))
2025-03-15 08:04:43,934 - DEBUG - Current User ID: 1, Level ID: 1
2025-03-15 08:04:43,934 - DEBUG - Executed Query: 
            SELECT a.id, c.first_name AS sender, a.message, a.created_at 
            FROM helpdesk_inbox AS a
            JOIN auth_user AS c ON a.user_id_sender = c.id
            WHERE a.status != '2' AND (
                (a.user_id_receiver IS NOT NULL AND a.user_id_receiver = %s) OR
                (a.user_id_receiver IS NULL AND a.group_id = %s)
            )
            ORDER BY a.id DESC
         | Params: 1, 1
2025-03-15 08:04:43,934 - DEBUG - Query Result: ((3, 'diky', 'apakah data ini masuk?', datetime.datetime(2025, 2, 5, 1, 20, 21)), (2, 'budi', 'Puji syukur kita panjatkan ke hadirat Tuhan Yang Maha Esa, karena dengan rahmat-Nya, kita semua masih diberi kesempatan untuk berkumpul di sini dalam keadaan sehat wal afiat. Pada kesempatan yang berbahagia ini, saya ingin menyampaikan beberapa patah kata mengenai kebangsaan kita, mengenai apa yang telah kita raih, dan apa yang harus kita perjuangkan bersama untuk masa depan bangsa.\n\nSaudara-saudara sekalian,\nBangsa Indonesia, yang terdiri dari beragam suku, agama, dan budaya, adalah contoh nyata dari kekuatan dalam keberagaman. Sejarah panjang perjuangan kemerdekaan kita telah membuktikan bahwa perbedaan tidaklah menjadi penghalang, melainkan kekuatan yang menyatukan kita. Dari Sabang sampai Merauke, dari Miangas sampai Pulau Rote, kita adalah satu, dalam semangat yang sama: Indonesia maju.', datetime.datetime(2025, 2, 5, 10, 53)), (1, 'ridwan', 'tolong perbaiki', datetime.datetime(2025, 2, 4, 9, 6, 29)))
2025-03-15 08:08:39,246 - WARNING - Not Found: /favicon.ico
2025-03-15 08:09:30,815 - INFO - C:\Users\dicky.anwar\Videos\app\ERP-PythonDjango-4.2\myproject\settings.py changed, reloading.
2025-03-15 08:10:14,555 - DEBUG - Current User ID: 1, Level ID: 1
2025-03-15 08:10:14,555 - DEBUG - Executed Query: 
            SELECT a.id, c.first_name AS sender, a.message, a.created_at 
            FROM helpdesk_inbox AS a
            JOIN auth_user AS c ON a.user_id_sender = c.id
            WHERE a.status != '2' AND (
                (a.user_id_receiver IS NOT NULL AND a.user_id_receiver = %s) OR
                (a.user_id_receiver IS NULL AND a.group_id = %s)
            )
            ORDER BY a.id DESC
         | Params: 1, 1
2025-03-15 08:10:14,555 - DEBUG - Query Result: ((3, 'diky', 'apakah data ini masuk?', datetime.datetime(2025, 2, 5, 1, 20, 21)), (2, 'budi', 'Puji syukur kita panjatkan ke hadirat Tuhan Yang Maha Esa, karena dengan rahmat-Nya, kita semua masih diberi kesempatan untuk berkumpul di sini dalam keadaan sehat wal afiat. Pada kesempatan yang berbahagia ini, saya ingin menyampaikan beberapa patah kata mengenai kebangsaan kita, mengenai apa yang telah kita raih, dan apa yang harus kita perjuangkan bersama untuk masa depan bangsa.\n\nSaudara-saudara sekalian,\nBangsa Indonesia, yang terdiri dari beragam suku, agama, dan budaya, adalah contoh nyata dari kekuatan dalam keberagaman. Sejarah panjang perjuangan kemerdekaan kita telah membuktikan bahwa perbedaan tidaklah menjadi penghalang, melainkan kekuatan yang menyatukan kita. Dari Sabang sampai Merauke, dari Miangas sampai Pulau Rote, kita adalah satu, dalam semangat yang sama: Indonesia maju.', datetime.datetime(2025, 2, 5, 10, 53)), (1, 'ridwan', 'tolong perbaiki', datetime.datetime(2025, 2, 4, 9, 6, 29)))
2025-03-15 08:11:42,114 - INFO - C:\Users\dicky.anwar\Videos\app\ERP-PythonDjango-4.2\erp\urls.py changed, reloading.
2025-03-15 08:11:50,880 - INFO - C:\Users\dicky.anwar\Videos\app\ERP-PythonDjango-4.2\erp\backend\modul.py changed, reloading.
2025-03-15 08:21:46,688 - INFO - C:\Users\dicky.anwar\Videos\app\ERP-PythonDjango-4.2\erp\backend\modul.py changed, reloading.
2025-03-15 08:21:49,249 - INFO - C:\Users\dicky.anwar\Videos\app\ERP-PythonDjango-4.2\erp\backend\modul.py changed, reloading.
2025-03-15 08:21:53,327 - INFO - C:\Users\dicky.anwar\Videos\app\ERP-PythonDjango-4.2\erp\backend\modul.py changed, reloading.
2025-03-15 08:23:15,869 - INFO - C:\Users\dicky.anwar\Videos\app\ERP-PythonDjango-4.2\erp\backend\modul.py changed, reloading.
2025-03-15 08:23:19,534 - INFO - C:\Users\dicky.anwar\Videos\app\ERP-PythonDjango-4.2\erp\backend\modul.py changed, reloading.
2025-03-15 08:23:33,917 - INFO - C:\Users\dicky.anwar\Videos\app\ERP-PythonDjango-4.2\erp\backend\modul.py changed, reloading.
2025-03-15 08:23:43,972 - INFO - C:\Users\dicky.anwar\Videos\app\ERP-PythonDjango-4.2\erp\backend\modul.py changed, reloading.
2025-03-15 08:24:38,290 - INFO - C:\Users\dicky.anwar\Videos\app\ERP-PythonDjango-4.2\erp\urls.py changed, reloading.
2025-03-15 08:24:48,916 - INFO - C:\Users\dicky.anwar\Videos\app\ERP-PythonDjango-4.2\erp\urls.py changed, reloading.
2025-03-15 08:24:51,579 - INFO - C:\Users\dicky.anwar\Videos\app\ERP-PythonDjango-4.2\erp\urls.py changed, reloading.
2025-03-15 08:24:58,591 - INFO - C:\Users\dicky.anwar\Videos\app\ERP-PythonDjango-4.2\erp\urls.py changed, reloading.
2025-03-15 08:25:08,444 - INFO - C:\Users\dicky.anwar\Videos\app\ERP-PythonDjango-4.2\erp\urls.py changed, reloading.
2025-03-15 08:27:55,108 - INFO - C:\Users\dicky.anwar\Videos\app\ERP-PythonDjango-4.2\erp\urls.py changed, reloading.
2025-03-15 08:28:09,556 - DEBUG - Current User ID: 1, Level ID: 1
2025-03-15 08:28:09,563 - DEBUG - Executed Query: 
            SELECT a.id, c.first_name AS sender, a.message, a.created_at 
            FROM helpdesk_inbox AS a
            JOIN auth_user AS c ON a.user_id_sender = c.id
            WHERE a.status != '2' AND (
                (a.user_id_receiver IS NOT NULL AND a.user_id_receiver = %s) OR
                (a.user_id_receiver IS NULL AND a.group_id = %s)
            )
            ORDER BY a.id DESC
         | Params: 1, 1
2025-03-15 08:28:09,563 - DEBUG - Query Result: ((3, 'diky', 'apakah data ini masuk?', datetime.datetime(2025, 2, 5, 1, 20, 21)), (2, 'budi', 'Puji syukur kita panjatkan ke hadirat Tuhan Yang Maha Esa, karena dengan rahmat-Nya, kita semua masih diberi kesempatan untuk berkumpul di sini dalam keadaan sehat wal afiat. Pada kesempatan yang berbahagia ini, saya ingin menyampaikan beberapa patah kata mengenai kebangsaan kita, mengenai apa yang telah kita raih, dan apa yang harus kita perjuangkan bersama untuk masa depan bangsa.\n\nSaudara-saudara sekalian,\nBangsa Indonesia, yang terdiri dari beragam suku, agama, dan budaya, adalah contoh nyata dari kekuatan dalam keberagaman. Sejarah panjang perjuangan kemerdekaan kita telah membuktikan bahwa perbedaan tidaklah menjadi penghalang, melainkan kekuatan yang menyatukan kita. Dari Sabang sampai Merauke, dari Miangas sampai Pulau Rote, kita adalah satu, dalam semangat yang sama: Indonesia maju.', datetime.datetime(2025, 2, 5, 10, 53)), (1, 'ridwan', 'tolong perbaiki', datetime.datetime(2025, 2, 4, 9, 6, 29)))
2025-03-15 08:28:24,420 - ERROR - Internal Server Error: /modules/
Traceback (most recent call last):
  File "C:\Users\dicky.anwar\Videos\app\ERP-PythonDjango-4.2\env\Lib\site-packages\django\db\backends\utils.py", line 103, in _execute
    return self.cursor.execute(sql)
           ^^^^^^^^^^^^^^^^^^^^^^^^
  File "C:\Users\dicky.anwar\Videos\app\ERP-PythonDjango-4.2\env\Lib\site-packages\django\db\backends\mysql\base.py", line 76, in execute
    return self.cursor.execute(query, args)
           ^^^^^^^^^^^^^^^^^^^^^^^^^^^^^^^^
  File "C:\Users\dicky.anwar\Videos\app\ERP-PythonDjango-4.2\env\Lib\site-packages\MySQLdb\cursors.py", line 179, in execute
    res = self._query(mogrified_query)
          ^^^^^^^^^^^^^^^^^^^^^^^^^^^^
  File "C:\Users\dicky.anwar\Videos\app\ERP-PythonDjango-4.2\env\Lib\site-packages\MySQLdb\cursors.py", line 330, in _query
    db.query(q)
  File "C:\Users\dicky.anwar\Videos\app\ERP-PythonDjango-4.2\env\Lib\site-packages\MySQLdb\connections.py", line 280, in query
    _mysql.connection.query(self, query)
MySQLdb.OperationalError: (1054, "Unknown column 'level_id' in 'field list'")

The above exception was the direct cause of the following exception:

Traceback (most recent call last):
  File "C:\Users\dicky.anwar\Videos\app\ERP-PythonDjango-4.2\env\Lib\site-packages\django\core\handlers\exception.py", line 55, in inner
    response = get_response(request)
               ^^^^^^^^^^^^^^^^^^^^^
  File "C:\Users\dicky.anwar\Videos\app\ERP-PythonDjango-4.2\env\Lib\site-packages\django\core\handlers\base.py", line 197, in _get_response
    response = wrapped_callback(request, *callback_args, **callback_kwargs)
               ^^^^^^^^^^^^^^^^^^^^^^^^^^^^^^^^^^^^^^^^^^^^^^^^^^^^^^^^^^^^
  File "C:\Users\dicky.anwar\Videos\app\ERP-PythonDjango-4.2\erp\urls.py", line 14, in wrapper
    return view_func(request, *args, **kwargs)
           ^^^^^^^^^^^^^^^^^^^^^^^^^^^^^^^^^^^
  File "C:\Users\dicky.anwar\Videos\app\ERP-PythonDjango-4.2\erp\backend\modul.py", line 10, in modul
    cursor.execute("SELECT id, nama, icon, uri, level_id, deleted FROM modul ORDER BY nama ASC")
  File "C:\Users\dicky.anwar\Videos\app\ERP-PythonDjango-4.2\env\Lib\site-packages\django\db\backends\utils.py", line 122, in execute
    return super().execute(sql, params)
           ^^^^^^^^^^^^^^^^^^^^^^^^^^^^
  File "C:\Users\dicky.anwar\Videos\app\ERP-PythonDjango-4.2\env\Lib\site-packages\django\db\backends\utils.py", line 79, in execute
    return self._execute_with_wrappers(
           ^^^^^^^^^^^^^^^^^^^^^^^^^^^^
  File "C:\Users\dicky.anwar\Videos\app\ERP-PythonDjango-4.2\env\Lib\site-packages\django\db\backends\utils.py", line 92, in _execute_with_wrappers
    return executor(sql, params, many, context)
           ^^^^^^^^^^^^^^^^^^^^^^^^^^^^^^^^^^^^
  File "C:\Users\dicky.anwar\Videos\app\ERP-PythonDjango-4.2\env\Lib\site-packages\django\db\backends\utils.py", line 100, in _execute
    with self.db.wrap_database_errors:
  File "C:\Users\dicky.anwar\Videos\app\ERP-PythonDjango-4.2\env\Lib\site-packages\django\db\utils.py", line 91, in __exit__
    raise dj_exc_value.with_traceback(traceback) from exc_value
  File "C:\Users\dicky.anwar\Videos\app\ERP-PythonDjango-4.2\env\Lib\site-packages\django\db\backends\utils.py", line 103, in _execute
    return self.cursor.execute(sql)
           ^^^^^^^^^^^^^^^^^^^^^^^^
  File "C:\Users\dicky.anwar\Videos\app\ERP-PythonDjango-4.2\env\Lib\site-packages\django\db\backends\mysql\base.py", line 76, in execute
    return self.cursor.execute(query, args)
           ^^^^^^^^^^^^^^^^^^^^^^^^^^^^^^^^
  File "C:\Users\dicky.anwar\Videos\app\ERP-PythonDjango-4.2\env\Lib\site-packages\MySQLdb\cursors.py", line 179, in execute
    res = self._query(mogrified_query)
          ^^^^^^^^^^^^^^^^^^^^^^^^^^^^
  File "C:\Users\dicky.anwar\Videos\app\ERP-PythonDjango-4.2\env\Lib\site-packages\MySQLdb\cursors.py", line 330, in _query
    db.query(q)
  File "C:\Users\dicky.anwar\Videos\app\ERP-PythonDjango-4.2\env\Lib\site-packages\MySQLdb\connections.py", line 280, in query
    _mysql.connection.query(self, query)
django.db.utils.OperationalError: (1054, "Unknown column 'level_id' in 'field list'")
2025-03-15 08:30:11,787 - DEBUG - Current User ID: 1, Level ID: 1
2025-03-15 08:30:11,787 - DEBUG - Executed Query: 
            SELECT a.id, c.first_name AS sender, a.message, a.created_at 
            FROM helpdesk_inbox AS a
            JOIN auth_user AS c ON a.user_id_sender = c.id
            WHERE a.status != '2' AND (
                (a.user_id_receiver IS NOT NULL AND a.user_id_receiver = %s) OR
                (a.user_id_receiver IS NULL AND a.group_id = %s)
            )
            ORDER BY a.id DESC
         | Params: 1, 1
2025-03-15 08:30:11,787 - DEBUG - Query Result: ((3, 'diky', 'apakah data ini masuk?', datetime.datetime(2025, 2, 5, 1, 20, 21)), (2, 'budi', 'Puji syukur kita panjatkan ke hadirat Tuhan Yang Maha Esa, karena dengan rahmat-Nya, kita semua masih diberi kesempatan untuk berkumpul di sini dalam keadaan sehat wal afiat. Pada kesempatan yang berbahagia ini, saya ingin menyampaikan beberapa patah kata mengenai kebangsaan kita, mengenai apa yang telah kita raih, dan apa yang harus kita perjuangkan bersama untuk masa depan bangsa.\n\nSaudara-saudara sekalian,\nBangsa Indonesia, yang terdiri dari beragam suku, agama, dan budaya, adalah contoh nyata dari kekuatan dalam keberagaman. Sejarah panjang perjuangan kemerdekaan kita telah membuktikan bahwa perbedaan tidaklah menjadi penghalang, melainkan kekuatan yang menyatukan kita. Dari Sabang sampai Merauke, dari Miangas sampai Pulau Rote, kita adalah satu, dalam semangat yang sama: Indonesia maju.', datetime.datetime(2025, 2, 5, 10, 53)), (1, 'ridwan', 'tolong perbaiki', datetime.datetime(2025, 2, 4, 9, 6, 29)))
2025-03-15 08:30:16,877 - DEBUG - Current User ID: 1, Level ID: 1
2025-03-15 08:30:16,878 - DEBUG - Executed Query: 
            SELECT a.id, c.first_name AS sender, a.message, a.created_at 
            FROM helpdesk_inbox AS a
            JOIN auth_user AS c ON a.user_id_sender = c.id
            WHERE a.status != '2' AND (
                (a.user_id_receiver IS NOT NULL AND a.user_id_receiver = %s) OR
                (a.user_id_receiver IS NULL AND a.group_id = %s)
            )
            ORDER BY a.id DESC
         | Params: 1, 1
2025-03-15 08:30:16,879 - DEBUG - Query Result: ((3, 'diky', 'apakah data ini masuk?', datetime.datetime(2025, 2, 5, 1, 20, 21)), (2, 'budi', 'Puji syukur kita panjatkan ke hadirat Tuhan Yang Maha Esa, karena dengan rahmat-Nya, kita semua masih diberi kesempatan untuk berkumpul di sini dalam keadaan sehat wal afiat. Pada kesempatan yang berbahagia ini, saya ingin menyampaikan beberapa patah kata mengenai kebangsaan kita, mengenai apa yang telah kita raih, dan apa yang harus kita perjuangkan bersama untuk masa depan bangsa.\n\nSaudara-saudara sekalian,\nBangsa Indonesia, yang terdiri dari beragam suku, agama, dan budaya, adalah contoh nyata dari kekuatan dalam keberagaman. Sejarah panjang perjuangan kemerdekaan kita telah membuktikan bahwa perbedaan tidaklah menjadi penghalang, melainkan kekuatan yang menyatukan kita. Dari Sabang sampai Merauke, dari Miangas sampai Pulau Rote, kita adalah satu, dalam semangat yang sama: Indonesia maju.', datetime.datetime(2025, 2, 5, 10, 53)), (1, 'ridwan', 'tolong perbaiki', datetime.datetime(2025, 2, 4, 9, 6, 29)))
2025-03-15 08:31:49,601 - DEBUG - Current User ID: 1, Level ID: 1
2025-03-15 08:31:49,616 - DEBUG - Executed Query: 
            SELECT a.id, c.first_name AS sender, a.message, a.created_at 
            FROM helpdesk_inbox AS a
            JOIN auth_user AS c ON a.user_id_sender = c.id
            WHERE a.status != '2' AND (
                (a.user_id_receiver IS NOT NULL AND a.user_id_receiver = %s) OR
                (a.user_id_receiver IS NULL AND a.group_id = %s)
            )
            ORDER BY a.id DESC
         | Params: 1, 1
2025-03-15 08:31:49,616 - DEBUG - Query Result: ((3, 'diky', 'apakah data ini masuk?', datetime.datetime(2025, 2, 5, 1, 20, 21)), (2, 'budi', 'Puji syukur kita panjatkan ke hadirat Tuhan Yang Maha Esa, karena dengan rahmat-Nya, kita semua masih diberi kesempatan untuk berkumpul di sini dalam keadaan sehat wal afiat. Pada kesempatan yang berbahagia ini, saya ingin menyampaikan beberapa patah kata mengenai kebangsaan kita, mengenai apa yang telah kita raih, dan apa yang harus kita perjuangkan bersama untuk masa depan bangsa.\n\nSaudara-saudara sekalian,\nBangsa Indonesia, yang terdiri dari beragam suku, agama, dan budaya, adalah contoh nyata dari kekuatan dalam keberagaman. Sejarah panjang perjuangan kemerdekaan kita telah membuktikan bahwa perbedaan tidaklah menjadi penghalang, melainkan kekuatan yang menyatukan kita. Dari Sabang sampai Merauke, dari Miangas sampai Pulau Rote, kita adalah satu, dalam semangat yang sama: Indonesia maju.', datetime.datetime(2025, 2, 5, 10, 53)), (1, 'ridwan', 'tolong perbaiki', datetime.datetime(2025, 2, 4, 9, 6, 29)))
2025-03-15 08:32:06,568 - DEBUG - Current User ID: 1, Level ID: 1
2025-03-15 08:32:06,568 - DEBUG - Executed Query: 
            SELECT a.id, c.first_name AS sender, a.message, a.created_at 
            FROM helpdesk_inbox AS a
            JOIN auth_user AS c ON a.user_id_sender = c.id
            WHERE a.status != '2' AND (
                (a.user_id_receiver IS NOT NULL AND a.user_id_receiver = %s) OR
                (a.user_id_receiver IS NULL AND a.group_id = %s)
            )
            ORDER BY a.id DESC
         | Params: 1, 1
2025-03-15 08:32:06,568 - DEBUG - Query Result: ((3, 'diky', 'apakah data ini masuk?', datetime.datetime(2025, 2, 5, 1, 20, 21)), (2, 'budi', 'Puji syukur kita panjatkan ke hadirat Tuhan Yang Maha Esa, karena dengan rahmat-Nya, kita semua masih diberi kesempatan untuk berkumpul di sini dalam keadaan sehat wal afiat. Pada kesempatan yang berbahagia ini, saya ingin menyampaikan beberapa patah kata mengenai kebangsaan kita, mengenai apa yang telah kita raih, dan apa yang harus kita perjuangkan bersama untuk masa depan bangsa.\n\nSaudara-saudara sekalian,\nBangsa Indonesia, yang terdiri dari beragam suku, agama, dan budaya, adalah contoh nyata dari kekuatan dalam keberagaman. Sejarah panjang perjuangan kemerdekaan kita telah membuktikan bahwa perbedaan tidaklah menjadi penghalang, melainkan kekuatan yang menyatukan kita. Dari Sabang sampai Merauke, dari Miangas sampai Pulau Rote, kita adalah satu, dalam semangat yang sama: Indonesia maju.', datetime.datetime(2025, 2, 5, 10, 53)), (1, 'ridwan', 'tolong perbaiki', datetime.datetime(2025, 2, 4, 9, 6, 29)))
2025-03-15 08:33:59,689 - DEBUG - Current User ID: 1, Level ID: 1
2025-03-15 08:33:59,689 - DEBUG - Executed Query: 
            SELECT a.id, c.first_name AS sender, a.message, a.created_at 
            FROM helpdesk_inbox AS a
            JOIN auth_user AS c ON a.user_id_sender = c.id
            WHERE a.status != '2' AND (
                (a.user_id_receiver IS NOT NULL AND a.user_id_receiver = %s) OR
                (a.user_id_receiver IS NULL AND a.group_id = %s)
            )
            ORDER BY a.id DESC
         | Params: 1, 1
2025-03-15 08:33:59,692 - DEBUG - Query Result: ((3, 'diky', 'apakah data ini masuk?', datetime.datetime(2025, 2, 5, 1, 20, 21)), (2, 'budi', 'Puji syukur kita panjatkan ke hadirat Tuhan Yang Maha Esa, karena dengan rahmat-Nya, kita semua masih diberi kesempatan untuk berkumpul di sini dalam keadaan sehat wal afiat. Pada kesempatan yang berbahagia ini, saya ingin menyampaikan beberapa patah kata mengenai kebangsaan kita, mengenai apa yang telah kita raih, dan apa yang harus kita perjuangkan bersama untuk masa depan bangsa.\n\nSaudara-saudara sekalian,\nBangsa Indonesia, yang terdiri dari beragam suku, agama, dan budaya, adalah contoh nyata dari kekuatan dalam keberagaman. Sejarah panjang perjuangan kemerdekaan kita telah membuktikan bahwa perbedaan tidaklah menjadi penghalang, melainkan kekuatan yang menyatukan kita. Dari Sabang sampai Merauke, dari Miangas sampai Pulau Rote, kita adalah satu, dalam semangat yang sama: Indonesia maju.', datetime.datetime(2025, 2, 5, 10, 53)), (1, 'ridwan', 'tolong perbaiki', datetime.datetime(2025, 2, 4, 9, 6, 29)))
2025-03-15 08:34:39,343 - INFO - C:\Users\dicky.anwar\Videos\app\ERP-PythonDjango-4.2\erp\backend\modul.py changed, reloading.
2025-03-15 08:35:08,425 - INFO - C:\Users\dicky.anwar\Videos\app\ERP-PythonDjango-4.2\erp\backend\modul.py changed, reloading.
2025-03-15 08:35:10,873 - INFO - C:\Users\dicky.anwar\Videos\app\ERP-PythonDjango-4.2\erp\backend\modul.py changed, reloading.
2025-03-15 08:35:43,017 - INFO - C:\Users\dicky.anwar\Videos\app\ERP-PythonDjango-4.2\erp\backend\modul.py changed, reloading.
2025-03-15 08:35:54,113 - INFO - C:\Users\dicky.anwar\Videos\app\ERP-PythonDjango-4.2\erp\backend\modul.py changed, reloading.
2025-03-15 08:36:32,354 - INFO - C:\Users\dicky.anwar\Videos\app\ERP-PythonDjango-4.2\erp\backend\modul.py changed, reloading.
2025-03-15 08:36:59,375 - INFO - C:\Users\dicky.anwar\Videos\app\ERP-PythonDjango-4.2\erp\backend\modul.py changed, reloading.
2025-03-15 08:37:05,787 - ERROR - Internal Server Error: /modules/
Traceback (most recent call last):
  File "C:\Users\dicky.anwar\Videos\app\ERP-PythonDjango-4.2\env\Lib\site-packages\django\db\backends\utils.py", line 105, in _execute
    return self.cursor.execute(sql, params)
           ^^^^^^^^^^^^^^^^^^^^^^^^^^^^^^^^
  File "C:\Users\dicky.anwar\Videos\app\ERP-PythonDjango-4.2\env\Lib\site-packages\django\db\backends\mysql\base.py", line 76, in execute
    return self.cursor.execute(query, args)
           ^^^^^^^^^^^^^^^^^^^^^^^^^^^^^^^^
  File "C:\Users\dicky.anwar\Videos\app\ERP-PythonDjango-4.2\env\Lib\site-packages\MySQLdb\cursors.py", line 179, in execute
    res = self._query(mogrified_query)
          ^^^^^^^^^^^^^^^^^^^^^^^^^^^^
  File "C:\Users\dicky.anwar\Videos\app\ERP-PythonDjango-4.2\env\Lib\site-packages\MySQLdb\cursors.py", line 330, in _query
    db.query(q)
  File "C:\Users\dicky.anwar\Videos\app\ERP-PythonDjango-4.2\env\Lib\site-packages\MySQLdb\connections.py", line 280, in query
    _mysql.connection.query(self, query)
MySQLdb.OperationalError: (1054, "Unknown column 'deleted' in 'where clause'")

The above exception was the direct cause of the following exception:

Traceback (most recent call last):
  File "C:\Users\dicky.anwar\Videos\app\ERP-PythonDjango-4.2\env\Lib\site-packages\django\core\handlers\exception.py", line 55, in inner
    response = get_response(request)
               ^^^^^^^^^^^^^^^^^^^^^
  File "C:\Users\dicky.anwar\Videos\app\ERP-PythonDjango-4.2\env\Lib\site-packages\django\core\handlers\base.py", line 197, in _get_response
    response = wrapped_callback(request, *callback_args, **callback_kwargs)
               ^^^^^^^^^^^^^^^^^^^^^^^^^^^^^^^^^^^^^^^^^^^^^^^^^^^^^^^^^^^^
  File "C:\Users\dicky.anwar\Videos\app\ERP-PythonDjango-4.2\erp\urls.py", line 14, in wrapper
    return view_func(request, *args, **kwargs)
           ^^^^^^^^^^^^^^^^^^^^^^^^^^^^^^^^^^^
  File "C:\Users\dicky.anwar\Videos\app\ERP-PythonDjango-4.2\erp\backend\modul.py", line 22, in modul
    cursor.execute("SELECT name FROM auth_group WHERE deleted = '0' AND id = %s ORDER BY name ASC", [level])
  File "C:\Users\dicky.anwar\Videos\app\ERP-PythonDjango-4.2\env\Lib\site-packages\django\db\backends\utils.py", line 122, in execute
    return super().execute(sql, params)
           ^^^^^^^^^^^^^^^^^^^^^^^^^^^^
  File "C:\Users\dicky.anwar\Videos\app\ERP-PythonDjango-4.2\env\Lib\site-packages\django\db\backends\utils.py", line 79, in execute
    return self._execute_with_wrappers(
           ^^^^^^^^^^^^^^^^^^^^^^^^^^^^
  File "C:\Users\dicky.anwar\Videos\app\ERP-PythonDjango-4.2\env\Lib\site-packages\django\db\backends\utils.py", line 92, in _execute_with_wrappers
    return executor(sql, params, many, context)
           ^^^^^^^^^^^^^^^^^^^^^^^^^^^^^^^^^^^^
  File "C:\Users\dicky.anwar\Videos\app\ERP-PythonDjango-4.2\env\Lib\site-packages\django\db\backends\utils.py", line 100, in _execute
    with self.db.wrap_database_errors:
  File "C:\Users\dicky.anwar\Videos\app\ERP-PythonDjango-4.2\env\Lib\site-packages\django\db\utils.py", line 91, in __exit__
    raise dj_exc_value.with_traceback(traceback) from exc_value
  File "C:\Users\dicky.anwar\Videos\app\ERP-PythonDjango-4.2\env\Lib\site-packages\django\db\backends\utils.py", line 105, in _execute
    return self.cursor.execute(sql, params)
           ^^^^^^^^^^^^^^^^^^^^^^^^^^^^^^^^
  File "C:\Users\dicky.anwar\Videos\app\ERP-PythonDjango-4.2\env\Lib\site-packages\django\db\backends\mysql\base.py", line 76, in execute
    return self.cursor.execute(query, args)
           ^^^^^^^^^^^^^^^^^^^^^^^^^^^^^^^^
  File "C:\Users\dicky.anwar\Videos\app\ERP-PythonDjango-4.2\env\Lib\site-packages\MySQLdb\cursors.py", line 179, in execute
    res = self._query(mogrified_query)
          ^^^^^^^^^^^^^^^^^^^^^^^^^^^^
  File "C:\Users\dicky.anwar\Videos\app\ERP-PythonDjango-4.2\env\Lib\site-packages\MySQLdb\cursors.py", line 330, in _query
    db.query(q)
  File "C:\Users\dicky.anwar\Videos\app\ERP-PythonDjango-4.2\env\Lib\site-packages\MySQLdb\connections.py", line 280, in query
    _mysql.connection.query(self, query)
django.db.utils.OperationalError: (1054, "Unknown column 'deleted' in 'where clause'")
2025-03-15 08:37:24,746 - INFO - C:\Users\dicky.anwar\Videos\app\ERP-PythonDjango-4.2\erp\backend\modul.py changed, reloading.
2025-03-15 08:37:28,381 - ERROR - Internal Server Error: /modules/
Traceback (most recent call last):
  File "C:\Users\dicky.anwar\Videos\app\ERP-PythonDjango-4.2\env\Lib\site-packages\django\core\handlers\exception.py", line 55, in inner
    response = get_response(request)
               ^^^^^^^^^^^^^^^^^^^^^
  File "C:\Users\dicky.anwar\Videos\app\ERP-PythonDjango-4.2\env\Lib\site-packages\django\core\handlers\base.py", line 197, in _get_response
    response = wrapped_callback(request, *callback_args, **callback_kwargs)
               ^^^^^^^^^^^^^^^^^^^^^^^^^^^^^^^^^^^^^^^^^^^^^^^^^^^^^^^^^^^^
  File "C:\Users\dicky.anwar\Videos\app\ERP-PythonDjango-4.2\erp\urls.py", line 14, in wrapper
    return view_func(request, *args, **kwargs)
           ^^^^^^^^^^^^^^^^^^^^^^^^^^^^^^^^^^^
  File "C:\Users\dicky.anwar\Videos\app\ERP-PythonDjango-4.2\erp\backend\modul.py", line 36, in modul
    return render(request, 'modules/modul/modul/modul.html', data)
           ^^^^^^^^^^^^^^^^^^^^^^^^^^^^^^^^^^^^^^^^^^^^^^^^^^^^^^^
  File "C:\Users\dicky.anwar\Videos\app\ERP-PythonDjango-4.2\env\Lib\site-packages\django\shortcuts.py", line 25, in render
    content = loader.render_to_string(template_name, context, request, using=using)
              ^^^^^^^^^^^^^^^^^^^^^^^^^^^^^^^^^^^^^^^^^^^^^^^^^^^^^^^^^^^^^^^^^^^^^
  File "C:\Users\dicky.anwar\Videos\app\ERP-PythonDjango-4.2\env\Lib\site-packages\django\template\loader.py", line 61, in render_to_string
    template = get_template(template_name, using=using)
               ^^^^^^^^^^^^^^^^^^^^^^^^^^^^^^^^^^^^^^^^
  File "C:\Users\dicky.anwar\Videos\app\ERP-PythonDjango-4.2\env\Lib\site-packages\django\template\loader.py", line 15, in get_template
    return engine.get_template(template_name)
           ^^^^^^^^^^^^^^^^^^^^^^^^^^^^^^^^^^
  File "C:\Users\dicky.anwar\Videos\app\ERP-PythonDjango-4.2\env\Lib\site-packages\django\template\backends\django.py", line 79, in get_template
    return Template(self.engine.get_template(template_name), self)
                    ^^^^^^^^^^^^^^^^^^^^^^^^^^^^^^^^^^^^^^^
  File "C:\Users\dicky.anwar\Videos\app\ERP-PythonDjango-4.2\env\Lib\site-packages\django\template\engine.py", line 177, in get_template
    template, origin = self.find_template(template_name)
                       ^^^^^^^^^^^^^^^^^^^^^^^^^^^^^^^^^
  File "C:\Users\dicky.anwar\Videos\app\ERP-PythonDjango-4.2\env\Lib\site-packages\django\template\engine.py", line 159, in find_template
    template = loader.get_template(name, skip=skip)
               ^^^^^^^^^^^^^^^^^^^^^^^^^^^^^^^^^^^^
  File "C:\Users\dicky.anwar\Videos\app\ERP-PythonDjango-4.2\env\Lib\site-packages\django\template\loaders\cached.py", line 57, in get_template
    template = super().get_template(template_name, skip)
               ^^^^^^^^^^^^^^^^^^^^^^^^^^^^^^^^^^^^^^^^^
  File "C:\Users\dicky.anwar\Videos\app\ERP-PythonDjango-4.2\env\Lib\site-packages\django\template\loaders\base.py", line 28, in get_template
    return Template(
           ^^^^^^^^^
  File "C:\Users\dicky.anwar\Videos\app\ERP-PythonDjango-4.2\env\Lib\site-packages\django\template\base.py", line 154, in __init__
    self.nodelist = self.compile_nodelist()
                    ^^^^^^^^^^^^^^^^^^^^^^^
  File "C:\Users\dicky.anwar\Videos\app\ERP-PythonDjango-4.2\env\Lib\site-packages\django\template\base.py", line 196, in compile_nodelist
    nodelist = parser.parse()
               ^^^^^^^^^^^^^^
  File "C:\Users\dicky.anwar\Videos\app\ERP-PythonDjango-4.2\env\Lib\site-packages\django\template\base.py", line 489, in parse
    raise self.error(token, e)
  File "C:\Users\dicky.anwar\Videos\app\ERP-PythonDjango-4.2\env\Lib\site-packages\django\template\base.py", line 487, in parse
    filter_expression = self.compile_filter(token.contents)
                        ^^^^^^^^^^^^^^^^^^^^^^^^^^^^^^^^^^^
  File "C:\Users\dicky.anwar\Videos\app\ERP-PythonDjango-4.2\env\Lib\site-packages\django\template\base.py", line 605, in compile_filter
    return FilterExpression(token, self)
           ^^^^^^^^^^^^^^^^^^^^^^^^^^^^^
  File "C:\Users\dicky.anwar\Videos\app\ERP-PythonDjango-4.2\env\Lib\site-packages\django\template\base.py", line 706, in __init__
    raise TemplateSyntaxError(
django.template.exceptions.TemplateSyntaxError: Could not parse the remainder: '('modul')' from 'route('modul')'
2025-03-15 08:39:43,403 - INFO - C:\Users\dicky.anwar\Videos\app\ERP-PythonDjango-4.2\erp\backend\modul.py changed, reloading.
2025-03-15 08:39:54,015 - INFO - C:\Users\dicky.anwar\Videos\app\ERP-PythonDjango-4.2\erp\backend\modul.py changed, reloading.
2025-03-15 08:39:57,761 - INFO - C:\Users\dicky.anwar\Videos\app\ERP-PythonDjango-4.2\erp\backend\modul.py changed, reloading.
2025-03-15 08:40:14,817 - INFO - C:\Users\dicky.anwar\Videos\app\ERP-PythonDjango-4.2\erp\backend\modul.py changed, reloading.
2025-03-15 08:40:18,616 - ERROR - Internal Server Error: /modules/
Traceback (most recent call last):
  File "C:\Users\dicky.anwar\Videos\app\ERP-PythonDjango-4.2\env\Lib\site-packages\django\core\handlers\exception.py", line 55, in inner
    response = get_response(request)
               ^^^^^^^^^^^^^^^^^^^^^
  File "C:\Users\dicky.anwar\Videos\app\ERP-PythonDjango-4.2\env\Lib\site-packages\django\core\handlers\base.py", line 204, in _get_response
    self.check_response(response, callback)
  File "C:\Users\dicky.anwar\Videos\app\ERP-PythonDjango-4.2\env\Lib\site-packages\django\core\handlers\base.py", line 332, in check_response
    raise ValueError(
ValueError: The view erp.urls.wrapper didn't return an HttpResponse object. It returned None instead.
2025-03-15 08:41:00,883 - INFO - C:\Users\dicky.anwar\Videos\app\ERP-PythonDjango-4.2\erp\backend\modul.py changed, reloading.
2025-03-15 08:41:04,848 - ERROR - Internal Server Error: /modules/
Traceback (most recent call last):
  File "C:\Users\dicky.anwar\Videos\app\ERP-PythonDjango-4.2\env\Lib\site-packages\django\core\handlers\exception.py", line 55, in inner
    response = get_response(request)
               ^^^^^^^^^^^^^^^^^^^^^
  File "C:\Users\dicky.anwar\Videos\app\ERP-PythonDjango-4.2\env\Lib\site-packages\django\core\handlers\base.py", line 204, in _get_response
    self.check_response(response, callback)
  File "C:\Users\dicky.anwar\Videos\app\ERP-PythonDjango-4.2\env\Lib\site-packages\django\core\handlers\base.py", line 332, in check_response
    raise ValueError(
ValueError: The view erp.urls.wrapper didn't return an HttpResponse object. It returned None instead.
2025-03-15 08:41:45,481 - INFO - C:\Users\dicky.anwar\Videos\app\ERP-PythonDjango-4.2\erp\backend\modul.py changed, reloading.
2025-03-15 08:42:09,441 - INFO - C:\Users\dicky.anwar\Videos\app\ERP-PythonDjango-4.2\erp\backend\modul.py changed, reloading.
2025-03-15 08:42:12,044 - INFO - C:\Users\dicky.anwar\Videos\app\ERP-PythonDjango-4.2\erp\backend\modul.py changed, reloading.
2025-03-15 08:42:37,509 - ERROR - Internal Server Error: /modules/
Traceback (most recent call last):
  File "C:\Users\dicky.anwar\Videos\app\ERP-PythonDjango-4.2\env\Lib\site-packages\django\core\handlers\exception.py", line 55, in inner
    response = get_response(request)
               ^^^^^^^^^^^^^^^^^^^^^
  File "C:\Users\dicky.anwar\Videos\app\ERP-PythonDjango-4.2\env\Lib\site-packages\django\core\handlers\base.py", line 197, in _get_response
    response = wrapped_callback(request, *callback_args, **callback_kwargs)
               ^^^^^^^^^^^^^^^^^^^^^^^^^^^^^^^^^^^^^^^^^^^^^^^^^^^^^^^^^^^^
  File "C:\Users\dicky.anwar\Videos\app\ERP-PythonDjango-4.2\erp\urls.py", line 14, in wrapper
    return view_func(request, *args, **kwargs)
           ^^^^^^^^^^^^^^^^^^^^^^^^^^^^^^^^^^^
  File "C:\Users\dicky.anwar\Videos\app\ERP-PythonDjango-4.2\erp\backend\modul.py", line 37, in modul
    return render(request, 'modules/modul/modul/modul.html', data)
           ^^^^^^^^^^^^^^^^^^^^^^^^^^^^^^^^^^^^^^^^^^^^^^^^^^^^^^^
  File "C:\Users\dicky.anwar\Videos\app\ERP-PythonDjango-4.2\env\Lib\site-packages\django\shortcuts.py", line 25, in render
    content = loader.render_to_string(template_name, context, request, using=using)
              ^^^^^^^^^^^^^^^^^^^^^^^^^^^^^^^^^^^^^^^^^^^^^^^^^^^^^^^^^^^^^^^^^^^^^
  File "C:\Users\dicky.anwar\Videos\app\ERP-PythonDjango-4.2\env\Lib\site-packages\django\template\loader.py", line 61, in render_to_string
    template = get_template(template_name, using=using)
               ^^^^^^^^^^^^^^^^^^^^^^^^^^^^^^^^^^^^^^^^
  File "C:\Users\dicky.anwar\Videos\app\ERP-PythonDjango-4.2\env\Lib\site-packages\django\template\loader.py", line 15, in get_template
    return engine.get_template(template_name)
           ^^^^^^^^^^^^^^^^^^^^^^^^^^^^^^^^^^
  File "C:\Users\dicky.anwar\Videos\app\ERP-PythonDjango-4.2\env\Lib\site-packages\django\template\backends\django.py", line 79, in get_template
    return Template(self.engine.get_template(template_name), self)
                    ^^^^^^^^^^^^^^^^^^^^^^^^^^^^^^^^^^^^^^^
  File "C:\Users\dicky.anwar\Videos\app\ERP-PythonDjango-4.2\env\Lib\site-packages\django\template\engine.py", line 177, in get_template
    template, origin = self.find_template(template_name)
                       ^^^^^^^^^^^^^^^^^^^^^^^^^^^^^^^^^
  File "C:\Users\dicky.anwar\Videos\app\ERP-PythonDjango-4.2\env\Lib\site-packages\django\template\engine.py", line 159, in find_template
    template = loader.get_template(name, skip=skip)
               ^^^^^^^^^^^^^^^^^^^^^^^^^^^^^^^^^^^^
  File "C:\Users\dicky.anwar\Videos\app\ERP-PythonDjango-4.2\env\Lib\site-packages\django\template\loaders\cached.py", line 57, in get_template
    template = super().get_template(template_name, skip)
               ^^^^^^^^^^^^^^^^^^^^^^^^^^^^^^^^^^^^^^^^^
  File "C:\Users\dicky.anwar\Videos\app\ERP-PythonDjango-4.2\env\Lib\site-packages\django\template\loaders\base.py", line 28, in get_template
    return Template(
           ^^^^^^^^^
  File "C:\Users\dicky.anwar\Videos\app\ERP-PythonDjango-4.2\env\Lib\site-packages\django\template\base.py", line 154, in __init__
    self.nodelist = self.compile_nodelist()
                    ^^^^^^^^^^^^^^^^^^^^^^^
  File "C:\Users\dicky.anwar\Videos\app\ERP-PythonDjango-4.2\env\Lib\site-packages\django\template\base.py", line 196, in compile_nodelist
    nodelist = parser.parse()
               ^^^^^^^^^^^^^^
  File "C:\Users\dicky.anwar\Videos\app\ERP-PythonDjango-4.2\env\Lib\site-packages\django\template\base.py", line 518, in parse
    raise self.error(token, e)
  File "C:\Users\dicky.anwar\Videos\app\ERP-PythonDjango-4.2\env\Lib\site-packages\django\template\base.py", line 516, in parse
    compiled_result = compile_func(self, token)
                      ^^^^^^^^^^^^^^^^^^^^^^^^^
  File "C:\Users\dicky.anwar\Videos\app\ERP-PythonDjango-4.2\env\Lib\site-packages\django\template\defaulttags.py", line 962, in do_if
    nodelist = parser.parse(("elif", "else", "endif"))
               ^^^^^^^^^^^^^^^^^^^^^^^^^^^^^^^^^^^^^^^
  File "C:\Users\dicky.anwar\Videos\app\ERP-PythonDjango-4.2\env\Lib\site-packages\django\template\base.py", line 518, in parse
    raise self.error(token, e)
  File "C:\Users\dicky.anwar\Videos\app\ERP-PythonDjango-4.2\env\Lib\site-packages\django\template\base.py", line 516, in parse
    compiled_result = compile_func(self, token)
                      ^^^^^^^^^^^^^^^^^^^^^^^^^
  File "C:\Users\dicky.anwar\Videos\app\ERP-PythonDjango-4.2\env\Lib\site-packages\django\template\defaulttags.py", line 862, in do_for
    nodelist_loop = parser.parse(
                    ^^^^^^^^^^^^^
  File "C:\Users\dicky.anwar\Videos\app\ERP-PythonDjango-4.2\env\Lib\site-packages\django\template\base.py", line 518, in parse
    raise self.error(token, e)
  File "C:\Users\dicky.anwar\Videos\app\ERP-PythonDjango-4.2\env\Lib\site-packages\django\template\base.py", line 516, in parse
    compiled_result = compile_func(self, token)
                      ^^^^^^^^^^^^^^^^^^^^^^^^^
  File "C:\Users\dicky.anwar\Videos\app\ERP-PythonDjango-4.2\env\Lib\site-packages\django\template\defaulttags.py", line 861, in do_for
    sequence = parser.compile_filter(bits[in_index + 1])
               ^^^^^^^^^^^^^^^^^^^^^^^^^^^^^^^^^^^^^^^^^
  File "C:\Users\dicky.anwar\Videos\app\ERP-PythonDjango-4.2\env\Lib\site-packages\django\template\base.py", line 605, in compile_filter
    return FilterExpression(token, self)
           ^^^^^^^^^^^^^^^^^^^^^^^^^^^^^
  File "C:\Users\dicky.anwar\Videos\app\ERP-PythonDjango-4.2\env\Lib\site-packages\django\template\base.py", line 701, in __init__
    filter_func = parser.find_filter(filter_name)
                  ^^^^^^^^^^^^^^^^^^^^^^^^^^^^^^^
  File "C:\Users\dicky.anwar\Videos\app\ERP-PythonDjango-4.2\env\Lib\site-packages\django\template\base.py", line 611, in find_filter
    raise TemplateSyntaxError("Invalid filter: '%s'" % filter_name)
django.template.exceptions.TemplateSyntaxError: Invalid filter: 'get_item'
2025-03-15 08:45:36,080 - INFO - C:\Users\dicky.anwar\Videos\app\ERP-PythonDjango-4.2\erp\backend\modul.py changed, reloading.
2025-03-15 08:47:14,496 - DEBUG - Current User ID: 1, Level ID: 1
2025-03-15 08:47:14,513 - DEBUG - Executed Query: 
            SELECT a.id, c.first_name AS sender, a.message, a.created_at 
            FROM helpdesk_inbox AS a
            JOIN auth_user AS c ON a.user_id_sender = c.id
            WHERE a.status != '2' AND (
                (a.user_id_receiver IS NOT NULL AND a.user_id_receiver = %s) OR
                (a.user_id_receiver IS NULL AND a.group_id = %s)
            )
            ORDER BY a.id DESC
         | Params: 1, 1
2025-03-15 08:47:14,513 - DEBUG - Query Result: ((3, 'diky', 'apakah data ini masuk?', datetime.datetime(2025, 2, 5, 1, 20, 21)), (2, 'budi', 'Puji syukur kita panjatkan ke hadirat Tuhan Yang Maha Esa, karena dengan rahmat-Nya, kita semua masih diberi kesempatan untuk berkumpul di sini dalam keadaan sehat wal afiat. Pada kesempatan yang berbahagia ini, saya ingin menyampaikan beberapa patah kata mengenai kebangsaan kita, mengenai apa yang telah kita raih, dan apa yang harus kita perjuangkan bersama untuk masa depan bangsa.\n\nSaudara-saudara sekalian,\nBangsa Indonesia, yang terdiri dari beragam suku, agama, dan budaya, adalah contoh nyata dari kekuatan dalam keberagaman. Sejarah panjang perjuangan kemerdekaan kita telah membuktikan bahwa perbedaan tidaklah menjadi penghalang, melainkan kekuatan yang menyatukan kita. Dari Sabang sampai Merauke, dari Miangas sampai Pulau Rote, kita adalah satu, dalam semangat yang sama: Indonesia maju.', datetime.datetime(2025, 2, 5, 10, 53)), (1, 'ridwan', 'tolong perbaiki', datetime.datetime(2025, 2, 4, 9, 6, 29)))
2025-03-15 08:47:18,212 - ERROR - Internal Server Error: /modules/
Traceback (most recent call last):
  File "C:\Users\dicky.anwar\Videos\app\ERP-PythonDjango-4.2\env\Lib\site-packages\django\core\handlers\exception.py", line 55, in inner
    response = get_response(request)
               ^^^^^^^^^^^^^^^^^^^^^
  File "C:\Users\dicky.anwar\Videos\app\ERP-PythonDjango-4.2\env\Lib\site-packages\django\core\handlers\base.py", line 197, in _get_response
    response = wrapped_callback(request, *callback_args, **callback_kwargs)
               ^^^^^^^^^^^^^^^^^^^^^^^^^^^^^^^^^^^^^^^^^^^^^^^^^^^^^^^^^^^^
  File "C:\Users\dicky.anwar\Videos\app\ERP-PythonDjango-4.2\erp\urls.py", line 14, in wrapper
    return view_func(request, *args, **kwargs)
           ^^^^^^^^^^^^^^^^^^^^^^^^^^^^^^^^^^^
  File "C:\Users\dicky.anwar\Videos\app\ERP-PythonDjango-4.2\erp\backend\modul.py", line 37, in modul
    return render(request, 'modules/modul/modul/modul.html', data)
           ^^^^^^^^^^^^^^^^^^^^^^^^^^^^^^^^^^^^^^^^^^^^^^^^^^^^^^^
  File "C:\Users\dicky.anwar\Videos\app\ERP-PythonDjango-4.2\env\Lib\site-packages\django\shortcuts.py", line 25, in render
    content = loader.render_to_string(template_name, context, request, using=using)
              ^^^^^^^^^^^^^^^^^^^^^^^^^^^^^^^^^^^^^^^^^^^^^^^^^^^^^^^^^^^^^^^^^^^^^
  File "C:\Users\dicky.anwar\Videos\app\ERP-PythonDjango-4.2\env\Lib\site-packages\django\template\loader.py", line 61, in render_to_string
    template = get_template(template_name, using=using)
               ^^^^^^^^^^^^^^^^^^^^^^^^^^^^^^^^^^^^^^^^
  File "C:\Users\dicky.anwar\Videos\app\ERP-PythonDjango-4.2\env\Lib\site-packages\django\template\loader.py", line 15, in get_template
    return engine.get_template(template_name)
           ^^^^^^^^^^^^^^^^^^^^^^^^^^^^^^^^^^
  File "C:\Users\dicky.anwar\Videos\app\ERP-PythonDjango-4.2\env\Lib\site-packages\django\template\backends\django.py", line 79, in get_template
    return Template(self.engine.get_template(template_name), self)
                    ^^^^^^^^^^^^^^^^^^^^^^^^^^^^^^^^^^^^^^^
  File "C:\Users\dicky.anwar\Videos\app\ERP-PythonDjango-4.2\env\Lib\site-packages\django\template\engine.py", line 177, in get_template
    template, origin = self.find_template(template_name)
                       ^^^^^^^^^^^^^^^^^^^^^^^^^^^^^^^^^
  File "C:\Users\dicky.anwar\Videos\app\ERP-PythonDjango-4.2\env\Lib\site-packages\django\template\engine.py", line 159, in find_template
    template = loader.get_template(name, skip=skip)
               ^^^^^^^^^^^^^^^^^^^^^^^^^^^^^^^^^^^^
  File "C:\Users\dicky.anwar\Videos\app\ERP-PythonDjango-4.2\env\Lib\site-packages\django\template\loaders\cached.py", line 57, in get_template
    template = super().get_template(template_name, skip)
               ^^^^^^^^^^^^^^^^^^^^^^^^^^^^^^^^^^^^^^^^^
  File "C:\Users\dicky.anwar\Videos\app\ERP-PythonDjango-4.2\env\Lib\site-packages\django\template\loaders\base.py", line 28, in get_template
    return Template(
           ^^^^^^^^^
  File "C:\Users\dicky.anwar\Videos\app\ERP-PythonDjango-4.2\env\Lib\site-packages\django\template\base.py", line 154, in __init__
    self.nodelist = self.compile_nodelist()
                    ^^^^^^^^^^^^^^^^^^^^^^^
  File "C:\Users\dicky.anwar\Videos\app\ERP-PythonDjango-4.2\env\Lib\site-packages\django\template\base.py", line 196, in compile_nodelist
    nodelist = parser.parse()
               ^^^^^^^^^^^^^^
  File "C:\Users\dicky.anwar\Videos\app\ERP-PythonDjango-4.2\env\Lib\site-packages\django\template\base.py", line 518, in parse
    raise self.error(token, e)
  File "C:\Users\dicky.anwar\Videos\app\ERP-PythonDjango-4.2\env\Lib\site-packages\django\template\base.py", line 516, in parse
    compiled_result = compile_func(self, token)
                      ^^^^^^^^^^^^^^^^^^^^^^^^^
  File "C:\Users\dicky.anwar\Videos\app\ERP-PythonDjango-4.2\env\Lib\site-packages\django\template\defaulttags.py", line 962, in do_if
    nodelist = parser.parse(("elif", "else", "endif"))
               ^^^^^^^^^^^^^^^^^^^^^^^^^^^^^^^^^^^^^^^
  File "C:\Users\dicky.anwar\Videos\app\ERP-PythonDjango-4.2\env\Lib\site-packages\django\template\base.py", line 518, in parse
    raise self.error(token, e)
  File "C:\Users\dicky.anwar\Videos\app\ERP-PythonDjango-4.2\env\Lib\site-packages\django\template\base.py", line 516, in parse
    compiled_result = compile_func(self, token)
                      ^^^^^^^^^^^^^^^^^^^^^^^^^
  File "C:\Users\dicky.anwar\Videos\app\ERP-PythonDjango-4.2\env\Lib\site-packages\django\template\defaulttags.py", line 862, in do_for
    nodelist_loop = parser.parse(
                    ^^^^^^^^^^^^^
  File "C:\Users\dicky.anwar\Videos\app\ERP-PythonDjango-4.2\env\Lib\site-packages\django\template\base.py", line 489, in parse
    raise self.error(token, e)
  File "C:\Users\dicky.anwar\Videos\app\ERP-PythonDjango-4.2\env\Lib\site-packages\django\template\base.py", line 487, in parse
    filter_expression = self.compile_filter(token.contents)
                        ^^^^^^^^^^^^^^^^^^^^^^^^^^^^^^^^^^^
  File "C:\Users\dicky.anwar\Videos\app\ERP-PythonDjango-4.2\env\Lib\site-packages\django\template\base.py", line 605, in compile_filter
    return FilterExpression(token, self)
           ^^^^^^^^^^^^^^^^^^^^^^^^^^^^^
  File "C:\Users\dicky.anwar\Videos\app\ERP-PythonDjango-4.2\env\Lib\site-packages\django\template\base.py", line 706, in __init__
    raise TemplateSyntaxError(
django.template.exceptions.TemplateSyntaxError: Could not parse the remainder: ' if post.deleted == '0' else "Tutup"' from '"Tampil" if post.deleted == '0' else "Tutup"'
2025-03-15 08:48:11,566 - INFO - C:\Users\dicky.anwar\Videos\app\ERP-PythonDjango-4.2\erp\backend\modul.py changed, reloading.
2025-03-15 08:51:23,510 - INFO - C:\Users\dicky.anwar\Videos\app\ERP-PythonDjango-4.2\erp\backend\modul.py changed, reloading.
2025-03-15 08:51:25,971 - ERROR - Internal Server Error: /modules/
Traceback (most recent call last):
  File "C:\Users\dicky.anwar\Videos\app\ERP-PythonDjango-4.2\env\Lib\site-packages\django\core\handlers\exception.py", line 55, in inner
    response = get_response(request)
               ^^^^^^^^^^^^^^^^^^^^^
  File "C:\Users\dicky.anwar\Videos\app\ERP-PythonDjango-4.2\env\Lib\site-packages\django\core\handlers\base.py", line 197, in _get_response
    response = wrapped_callback(request, *callback_args, **callback_kwargs)
               ^^^^^^^^^^^^^^^^^^^^^^^^^^^^^^^^^^^^^^^^^^^^^^^^^^^^^^^^^^^^
  File "C:\Users\dicky.anwar\Videos\app\ERP-PythonDjango-4.2\erp\urls.py", line 14, in wrapper
    return view_func(request, *args, **kwargs)
           ^^^^^^^^^^^^^^^^^^^^^^^^^^^^^^^^^^^
  File "C:\Users\dicky.anwar\Videos\app\ERP-PythonDjango-4.2\erp\backend\modul.py", line 37, in modul
    return render(request, 'modules/modul/modul/modul.html', data)
           ^^^^^^^^^^^^^^^^^^^^^^^^^^^^^^^^^^^^^^^^^^^^^^^^^^^^^^^
  File "C:\Users\dicky.anwar\Videos\app\ERP-PythonDjango-4.2\env\Lib\site-packages\django\shortcuts.py", line 25, in render
    content = loader.render_to_string(template_name, context, request, using=using)
              ^^^^^^^^^^^^^^^^^^^^^^^^^^^^^^^^^^^^^^^^^^^^^^^^^^^^^^^^^^^^^^^^^^^^^
  File "C:\Users\dicky.anwar\Videos\app\ERP-PythonDjango-4.2\env\Lib\site-packages\django\template\loader.py", line 61, in render_to_string
    template = get_template(template_name, using=using)
               ^^^^^^^^^^^^^^^^^^^^^^^^^^^^^^^^^^^^^^^^
  File "C:\Users\dicky.anwar\Videos\app\ERP-PythonDjango-4.2\env\Lib\site-packages\django\template\loader.py", line 15, in get_template
    return engine.get_template(template_name)
           ^^^^^^^^^^^^^^^^^^^^^^^^^^^^^^^^^^
  File "C:\Users\dicky.anwar\Videos\app\ERP-PythonDjango-4.2\env\Lib\site-packages\django\template\backends\django.py", line 79, in get_template
    return Template(self.engine.get_template(template_name), self)
                    ^^^^^^^^^^^^^^^^^^^^^^^^^^^^^^^^^^^^^^^
  File "C:\Users\dicky.anwar\Videos\app\ERP-PythonDjango-4.2\env\Lib\site-packages\django\template\engine.py", line 177, in get_template
    template, origin = self.find_template(template_name)
                       ^^^^^^^^^^^^^^^^^^^^^^^^^^^^^^^^^
  File "C:\Users\dicky.anwar\Videos\app\ERP-PythonDjango-4.2\env\Lib\site-packages\django\template\engine.py", line 159, in find_template
    template = loader.get_template(name, skip=skip)
               ^^^^^^^^^^^^^^^^^^^^^^^^^^^^^^^^^^^^
  File "C:\Users\dicky.anwar\Videos\app\ERP-PythonDjango-4.2\env\Lib\site-packages\django\template\loaders\cached.py", line 57, in get_template
    template = super().get_template(template_name, skip)
               ^^^^^^^^^^^^^^^^^^^^^^^^^^^^^^^^^^^^^^^^^
  File "C:\Users\dicky.anwar\Videos\app\ERP-PythonDjango-4.2\env\Lib\site-packages\django\template\loaders\base.py", line 28, in get_template
    return Template(
           ^^^^^^^^^
  File "C:\Users\dicky.anwar\Videos\app\ERP-PythonDjango-4.2\env\Lib\site-packages\django\template\base.py", line 154, in __init__
    self.nodelist = self.compile_nodelist()
                    ^^^^^^^^^^^^^^^^^^^^^^^
  File "C:\Users\dicky.anwar\Videos\app\ERP-PythonDjango-4.2\env\Lib\site-packages\django\template\base.py", line 196, in compile_nodelist
    nodelist = parser.parse()
               ^^^^^^^^^^^^^^
  File "C:\Users\dicky.anwar\Videos\app\ERP-PythonDjango-4.2\env\Lib\site-packages\django\template\base.py", line 518, in parse
    raise self.error(token, e)
  File "C:\Users\dicky.anwar\Videos\app\ERP-PythonDjango-4.2\env\Lib\site-packages\django\template\base.py", line 516, in parse
    compiled_result = compile_func(self, token)
                      ^^^^^^^^^^^^^^^^^^^^^^^^^
  File "C:\Users\dicky.anwar\Videos\app\ERP-PythonDjango-4.2\env\Lib\site-packages\django\template\defaulttags.py", line 962, in do_if
    nodelist = parser.parse(("elif", "else", "endif"))
               ^^^^^^^^^^^^^^^^^^^^^^^^^^^^^^^^^^^^^^^
  File "C:\Users\dicky.anwar\Videos\app\ERP-PythonDjango-4.2\env\Lib\site-packages\django\template\base.py", line 518, in parse
    raise self.error(token, e)
  File "C:\Users\dicky.anwar\Videos\app\ERP-PythonDjango-4.2\env\Lib\site-packages\django\template\base.py", line 516, in parse
    compiled_result = compile_func(self, token)
                      ^^^^^^^^^^^^^^^^^^^^^^^^^
  File "C:\Users\dicky.anwar\Videos\app\ERP-PythonDjango-4.2\env\Lib\site-packages\django\template\defaulttags.py", line 862, in do_for
    nodelist_loop = parser.parse(
                    ^^^^^^^^^^^^^
  File "C:\Users\dicky.anwar\Videos\app\ERP-PythonDjango-4.2\env\Lib\site-packages\django\template\base.py", line 489, in parse
    raise self.error(token, e)
  File "C:\Users\dicky.anwar\Videos\app\ERP-PythonDjango-4.2\env\Lib\site-packages\django\template\base.py", line 487, in parse
    filter_expression = self.compile_filter(token.contents)
                        ^^^^^^^^^^^^^^^^^^^^^^^^^^^^^^^^^^^
  File "C:\Users\dicky.anwar\Videos\app\ERP-PythonDjango-4.2\env\Lib\site-packages\django\template\base.py", line 605, in compile_filter
    return FilterExpression(token, self)
           ^^^^^^^^^^^^^^^^^^^^^^^^^^^^^
  File "C:\Users\dicky.anwar\Videos\app\ERP-PythonDjango-4.2\env\Lib\site-packages\django\template\base.py", line 706, in __init__
    raise TemplateSyntaxError(
django.template.exceptions.TemplateSyntaxError: Could not parse the remainder: ' if post.deleted == 0 else "Tutup"' from '"Tampil" if post.deleted == 0 else "Tutup"'
2025-03-15 08:53:28,598 - INFO - C:\Users\dicky.anwar\Videos\app\ERP-PythonDjango-4.2\erp\backend\modul.py changed, reloading.
2025-03-15 08:57:30,897 - INFO - C:\Users\dicky.anwar\Videos\app\ERP-PythonDjango-4.2\erp\backend\modul.py changed, reloading.
2025-03-15 08:57:34,371 - ERROR - Internal Server Error: /modules/
Traceback (most recent call last):
  File "C:\Users\dicky.anwar\Videos\app\ERP-PythonDjango-4.2\env\Lib\site-packages\django\core\handlers\exception.py", line 55, in inner
    response = get_response(request)
               ^^^^^^^^^^^^^^^^^^^^^
  File "C:\Users\dicky.anwar\Videos\app\ERP-PythonDjango-4.2\env\Lib\site-packages\django\core\handlers\base.py", line 197, in _get_response
    response = wrapped_callback(request, *callback_args, **callback_kwargs)
               ^^^^^^^^^^^^^^^^^^^^^^^^^^^^^^^^^^^^^^^^^^^^^^^^^^^^^^^^^^^^
  File "C:\Users\dicky.anwar\Videos\app\ERP-PythonDjango-4.2\erp\urls.py", line 14, in wrapper
    return view_func(request, *args, **kwargs)
           ^^^^^^^^^^^^^^^^^^^^^^^^^^^^^^^^^^^
  File "C:\Users\dicky.anwar\Videos\app\ERP-PythonDjango-4.2\erp\backend\modul.py", line 37, in modul
    return render(request, 'modules/modul/modul/modul.html', data)
           ^^^^^^^^^^^^^^^^^^^^^^^^^^^^^^^^^^^^^^^^^^^^^^^^^^^^^^^
  File "C:\Users\dicky.anwar\Videos\app\ERP-PythonDjango-4.2\env\Lib\site-packages\django\shortcuts.py", line 25, in render
    content = loader.render_to_string(template_name, context, request, using=using)
              ^^^^^^^^^^^^^^^^^^^^^^^^^^^^^^^^^^^^^^^^^^^^^^^^^^^^^^^^^^^^^^^^^^^^^
  File "C:\Users\dicky.anwar\Videos\app\ERP-PythonDjango-4.2\env\Lib\site-packages\django\template\loader.py", line 61, in render_to_string
    template = get_template(template_name, using=using)
               ^^^^^^^^^^^^^^^^^^^^^^^^^^^^^^^^^^^^^^^^
  File "C:\Users\dicky.anwar\Videos\app\ERP-PythonDjango-4.2\env\Lib\site-packages\django\template\loader.py", line 15, in get_template
    return engine.get_template(template_name)
           ^^^^^^^^^^^^^^^^^^^^^^^^^^^^^^^^^^
  File "C:\Users\dicky.anwar\Videos\app\ERP-PythonDjango-4.2\env\Lib\site-packages\django\template\backends\django.py", line 79, in get_template
    return Template(self.engine.get_template(template_name), self)
                    ^^^^^^^^^^^^^^^^^^^^^^^^^^^^^^^^^^^^^^^
  File "C:\Users\dicky.anwar\Videos\app\ERP-PythonDjango-4.2\env\Lib\site-packages\django\template\engine.py", line 177, in get_template
    template, origin = self.find_template(template_name)
                       ^^^^^^^^^^^^^^^^^^^^^^^^^^^^^^^^^
  File "C:\Users\dicky.anwar\Videos\app\ERP-PythonDjango-4.2\env\Lib\site-packages\django\template\engine.py", line 159, in find_template
    template = loader.get_template(name, skip=skip)
               ^^^^^^^^^^^^^^^^^^^^^^^^^^^^^^^^^^^^
  File "C:\Users\dicky.anwar\Videos\app\ERP-PythonDjango-4.2\env\Lib\site-packages\django\template\loaders\cached.py", line 57, in get_template
    template = super().get_template(template_name, skip)
               ^^^^^^^^^^^^^^^^^^^^^^^^^^^^^^^^^^^^^^^^^
  File "C:\Users\dicky.anwar\Videos\app\ERP-PythonDjango-4.2\env\Lib\site-packages\django\template\loaders\base.py", line 28, in get_template
    return Template(
           ^^^^^^^^^
  File "C:\Users\dicky.anwar\Videos\app\ERP-PythonDjango-4.2\env\Lib\site-packages\django\template\base.py", line 154, in __init__
    self.nodelist = self.compile_nodelist()
                    ^^^^^^^^^^^^^^^^^^^^^^^
  File "C:\Users\dicky.anwar\Videos\app\ERP-PythonDjango-4.2\env\Lib\site-packages\django\template\base.py", line 196, in compile_nodelist
    nodelist = parser.parse()
               ^^^^^^^^^^^^^^
  File "C:\Users\dicky.anwar\Videos\app\ERP-PythonDjango-4.2\env\Lib\site-packages\django\template\base.py", line 518, in parse
    raise self.error(token, e)
  File "C:\Users\dicky.anwar\Videos\app\ERP-PythonDjango-4.2\env\Lib\site-packages\django\template\base.py", line 516, in parse
    compiled_result = compile_func(self, token)
                      ^^^^^^^^^^^^^^^^^^^^^^^^^
  File "C:\Users\dicky.anwar\Videos\app\ERP-PythonDjango-4.2\env\Lib\site-packages\django\template\defaulttags.py", line 962, in do_if
    nodelist = parser.parse(("elif", "else", "endif"))
               ^^^^^^^^^^^^^^^^^^^^^^^^^^^^^^^^^^^^^^^
  File "C:\Users\dicky.anwar\Videos\app\ERP-PythonDjango-4.2\env\Lib\site-packages\django\template\base.py", line 518, in parse
    raise self.error(token, e)
  File "C:\Users\dicky.anwar\Videos\app\ERP-PythonDjango-4.2\env\Lib\site-packages\django\template\base.py", line 516, in parse
    compiled_result = compile_func(self, token)
                      ^^^^^^^^^^^^^^^^^^^^^^^^^
  File "C:\Users\dicky.anwar\Videos\app\ERP-PythonDjango-4.2\env\Lib\site-packages\django\template\defaulttags.py", line 862, in do_for
    nodelist_loop = parser.parse(
                    ^^^^^^^^^^^^^
  File "C:\Users\dicky.anwar\Videos\app\ERP-PythonDjango-4.2\env\Lib\site-packages\django\template\base.py", line 518, in parse
    raise self.error(token, e)
  File "C:\Users\dicky.anwar\Videos\app\ERP-PythonDjango-4.2\env\Lib\site-packages\django\template\base.py", line 516, in parse
    compiled_result = compile_func(self, token)
                      ^^^^^^^^^^^^^^^^^^^^^^^^^
  File "C:\Users\dicky.anwar\Videos\app\ERP-PythonDjango-4.2\env\Lib\site-packages\django\template\defaulttags.py", line 861, in do_for
    sequence = parser.compile_filter(bits[in_index + 1])
               ^^^^^^^^^^^^^^^^^^^^^^^^^^^^^^^^^^^^^^^^^
  File "C:\Users\dicky.anwar\Videos\app\ERP-PythonDjango-4.2\env\Lib\site-packages\django\template\base.py", line 605, in compile_filter
    return FilterExpression(token, self)
           ^^^^^^^^^^^^^^^^^^^^^^^^^^^^^
  File "C:\Users\dicky.anwar\Videos\app\ERP-PythonDjango-4.2\env\Lib\site-packages\django\template\base.py", line 701, in __init__
    filter_func = parser.find_filter(filter_name)
                  ^^^^^^^^^^^^^^^^^^^^^^^^^^^^^^^
  File "C:\Users\dicky.anwar\Videos\app\ERP-PythonDjango-4.2\env\Lib\site-packages\django\template\base.py", line 611, in find_filter
    raise TemplateSyntaxError("Invalid filter: '%s'" % filter_name)
django.template.exceptions.TemplateSyntaxError: Invalid filter: 'get_item'
2025-03-15 09:00:34,784 - DEBUG - Current User ID: 1, Level ID: 1
2025-03-15 09:00:34,784 - DEBUG - Executed Query: 
            SELECT a.id, c.first_name AS sender, a.message, a.created_at 
            FROM helpdesk_inbox AS a
            JOIN auth_user AS c ON a.user_id_sender = c.id
            WHERE a.status != '2' AND (
                (a.user_id_receiver IS NOT NULL AND a.user_id_receiver = %s) OR
                (a.user_id_receiver IS NULL AND a.group_id = %s)
            )
            ORDER BY a.id DESC
         | Params: 1, 1
2025-03-15 09:00:34,789 - DEBUG - Query Result: ((3, 'diky', 'apakah data ini masuk?', datetime.datetime(2025, 2, 5, 1, 20, 21)), (2, 'budi', 'Puji syukur kita panjatkan ke hadirat Tuhan Yang Maha Esa, karena dengan rahmat-Nya, kita semua masih diberi kesempatan untuk berkumpul di sini dalam keadaan sehat wal afiat. Pada kesempatan yang berbahagia ini, saya ingin menyampaikan beberapa patah kata mengenai kebangsaan kita, mengenai apa yang telah kita raih, dan apa yang harus kita perjuangkan bersama untuk masa depan bangsa.\n\nSaudara-saudara sekalian,\nBangsa Indonesia, yang terdiri dari beragam suku, agama, dan budaya, adalah contoh nyata dari kekuatan dalam keberagaman. Sejarah panjang perjuangan kemerdekaan kita telah membuktikan bahwa perbedaan tidaklah menjadi penghalang, melainkan kekuatan yang menyatukan kita. Dari Sabang sampai Merauke, dari Miangas sampai Pulau Rote, kita adalah satu, dalam semangat yang sama: Indonesia maju.', datetime.datetime(2025, 2, 5, 10, 53)), (1, 'ridwan', 'tolong perbaiki', datetime.datetime(2025, 2, 4, 9, 6, 29)))
2025-03-15 09:00:42,822 - ERROR - Internal Server Error: /modules/
Traceback (most recent call last):
  File "C:\Users\dicky.anwar\Videos\app\ERP-PythonDjango-4.2\env\Lib\site-packages\django\template\defaulttags.py", line 1035, in find_library
    return parser.libraries[name]
           ~~~~~~~~~~~~~~~~^^^^^^
KeyError: 'custom_filters'

During handling of the above exception, another exception occurred:

Traceback (most recent call last):
  File "C:\Users\dicky.anwar\Videos\app\ERP-PythonDjango-4.2\env\Lib\site-packages\django\core\handlers\exception.py", line 55, in inner
    response = get_response(request)
               ^^^^^^^^^^^^^^^^^^^^^
  File "C:\Users\dicky.anwar\Videos\app\ERP-PythonDjango-4.2\env\Lib\site-packages\django\core\handlers\base.py", line 197, in _get_response
    response = wrapped_callback(request, *callback_args, **callback_kwargs)
               ^^^^^^^^^^^^^^^^^^^^^^^^^^^^^^^^^^^^^^^^^^^^^^^^^^^^^^^^^^^^
  File "C:\Users\dicky.anwar\Videos\app\ERP-PythonDjango-4.2\erp\urls.py", line 14, in wrapper
    return view_func(request, *args, **kwargs)
           ^^^^^^^^^^^^^^^^^^^^^^^^^^^^^^^^^^^
  File "C:\Users\dicky.anwar\Videos\app\ERP-PythonDjango-4.2\erp\backend\modul.py", line 37, in modul
    return render(request, 'modules/modul/modul/modul.html', data)
           ^^^^^^^^^^^^^^^^^^^^^^^^^^^^^^^^^^^^^^^^^^^^^^^^^^^^^^^
  File "C:\Users\dicky.anwar\Videos\app\ERP-PythonDjango-4.2\env\Lib\site-packages\django\shortcuts.py", line 25, in render
    content = loader.render_to_string(template_name, context, request, using=using)
              ^^^^^^^^^^^^^^^^^^^^^^^^^^^^^^^^^^^^^^^^^^^^^^^^^^^^^^^^^^^^^^^^^^^^^
  File "C:\Users\dicky.anwar\Videos\app\ERP-PythonDjango-4.2\env\Lib\site-packages\django\template\loader.py", line 61, in render_to_string
    template = get_template(template_name, using=using)
               ^^^^^^^^^^^^^^^^^^^^^^^^^^^^^^^^^^^^^^^^
  File "C:\Users\dicky.anwar\Videos\app\ERP-PythonDjango-4.2\env\Lib\site-packages\django\template\loader.py", line 15, in get_template
    return engine.get_template(template_name)
           ^^^^^^^^^^^^^^^^^^^^^^^^^^^^^^^^^^
  File "C:\Users\dicky.anwar\Videos\app\ERP-PythonDjango-4.2\env\Lib\site-packages\django\template\backends\django.py", line 79, in get_template
    return Template(self.engine.get_template(template_name), self)
                    ^^^^^^^^^^^^^^^^^^^^^^^^^^^^^^^^^^^^^^^
  File "C:\Users\dicky.anwar\Videos\app\ERP-PythonDjango-4.2\env\Lib\site-packages\django\template\engine.py", line 177, in get_template
    template, origin = self.find_template(template_name)
                       ^^^^^^^^^^^^^^^^^^^^^^^^^^^^^^^^^
  File "C:\Users\dicky.anwar\Videos\app\ERP-PythonDjango-4.2\env\Lib\site-packages\django\template\engine.py", line 159, in find_template
    template = loader.get_template(name, skip=skip)
               ^^^^^^^^^^^^^^^^^^^^^^^^^^^^^^^^^^^^
  File "C:\Users\dicky.anwar\Videos\app\ERP-PythonDjango-4.2\env\Lib\site-packages\django\template\loaders\cached.py", line 57, in get_template
    template = super().get_template(template_name, skip)
               ^^^^^^^^^^^^^^^^^^^^^^^^^^^^^^^^^^^^^^^^^
  File "C:\Users\dicky.anwar\Videos\app\ERP-PythonDjango-4.2\env\Lib\site-packages\django\template\loaders\base.py", line 28, in get_template
    return Template(
           ^^^^^^^^^
  File "C:\Users\dicky.anwar\Videos\app\ERP-PythonDjango-4.2\env\Lib\site-packages\django\template\base.py", line 154, in __init__
    self.nodelist = self.compile_nodelist()
                    ^^^^^^^^^^^^^^^^^^^^^^^
  File "C:\Users\dicky.anwar\Videos\app\ERP-PythonDjango-4.2\env\Lib\site-packages\django\template\base.py", line 196, in compile_nodelist
    nodelist = parser.parse()
               ^^^^^^^^^^^^^^
  File "C:\Users\dicky.anwar\Videos\app\ERP-PythonDjango-4.2\env\Lib\site-packages\django\template\base.py", line 518, in parse
    raise self.error(token, e)
  File "C:\Users\dicky.anwar\Videos\app\ERP-PythonDjango-4.2\env\Lib\site-packages\django\template\base.py", line 516, in parse
    compiled_result = compile_func(self, token)
                      ^^^^^^^^^^^^^^^^^^^^^^^^^
  File "C:\Users\dicky.anwar\Videos\app\ERP-PythonDjango-4.2\env\Lib\site-packages\django\template\defaulttags.py", line 1097, in load
    lib = find_library(parser, name)
          ^^^^^^^^^^^^^^^^^^^^^^^^^^
  File "C:\Users\dicky.anwar\Videos\app\ERP-PythonDjango-4.2\env\Lib\site-packages\django\template\defaulttags.py", line 1037, in find_library
    raise TemplateSyntaxError(
django.template.exceptions.TemplateSyntaxError: 'custom_filters' is not a registered tag library. Must be one of:
admin_list
admin_modify
admin_urls
cache
i18n
l10n
log
static
tz
2025-03-15 09:02:59,809 - INFO - C:\Users\dicky.anwar\Videos\app\ERP-PythonDjango-4.2\erp\backend\modul.py changed, reloading.
2025-03-15 09:04:33,499 - INFO - C:\Users\dicky.anwar\Videos\app\ERP-PythonDjango-4.2\erp\backend\modul.py changed, reloading.
2025-03-15 09:06:07,311 - INFO - C:\Users\dicky.anwar\Videos\app\ERP-PythonDjango-4.2\erp\backend\modul.py changed, reloading.
2025-03-15 09:06:36,638 - ERROR - Internal Server Error: /modules/
Traceback (most recent call last):
  File "C:\Users\dicky.anwar\Videos\app\ERP-PythonDjango-4.2\env\Lib\site-packages\django\template\defaulttags.py", line 1035, in find_library
    return parser.libraries[name]
           ~~~~~~~~~~~~~~~~^^^^^^
KeyError: 'custom_filters'

During handling of the above exception, another exception occurred:

Traceback (most recent call last):
  File "C:\Users\dicky.anwar\Videos\app\ERP-PythonDjango-4.2\env\Lib\site-packages\django\core\handlers\exception.py", line 55, in inner
    response = get_response(request)
               ^^^^^^^^^^^^^^^^^^^^^
  File "C:\Users\dicky.anwar\Videos\app\ERP-PythonDjango-4.2\env\Lib\site-packages\django\core\handlers\base.py", line 197, in _get_response
    response = wrapped_callback(request, *callback_args, **callback_kwargs)
               ^^^^^^^^^^^^^^^^^^^^^^^^^^^^^^^^^^^^^^^^^^^^^^^^^^^^^^^^^^^^
  File "C:\Users\dicky.anwar\Videos\app\ERP-PythonDjango-4.2\erp\urls.py", line 14, in wrapper
    return view_func(request, *args, **kwargs)
           ^^^^^^^^^^^^^^^^^^^^^^^^^^^^^^^^^^^
  File "C:\Users\dicky.anwar\Videos\app\ERP-PythonDjango-4.2\erp\backend\modul.py", line 43, in modul
    return render(request, "modules/modul/modul/modul.html", {"modul_list": data["modul_list"]})
           ^^^^^^^^^^^^^^^^^^^^^^^^^^^^^^^^^^^^^^^^^^^^^^^^^^^^^^^^^^^^^^^^^^^^^^^^^^^^^^^^^^^^^
  File "C:\Users\dicky.anwar\Videos\app\ERP-PythonDjango-4.2\env\Lib\site-packages\django\shortcuts.py", line 25, in render
    content = loader.render_to_string(template_name, context, request, using=using)
              ^^^^^^^^^^^^^^^^^^^^^^^^^^^^^^^^^^^^^^^^^^^^^^^^^^^^^^^^^^^^^^^^^^^^^
  File "C:\Users\dicky.anwar\Videos\app\ERP-PythonDjango-4.2\env\Lib\site-packages\django\template\loader.py", line 61, in render_to_string
    template = get_template(template_name, using=using)
               ^^^^^^^^^^^^^^^^^^^^^^^^^^^^^^^^^^^^^^^^
  File "C:\Users\dicky.anwar\Videos\app\ERP-PythonDjango-4.2\env\Lib\site-packages\django\template\loader.py", line 15, in get_template
    return engine.get_template(template_name)
           ^^^^^^^^^^^^^^^^^^^^^^^^^^^^^^^^^^
  File "C:\Users\dicky.anwar\Videos\app\ERP-PythonDjango-4.2\env\Lib\site-packages\django\template\backends\django.py", line 79, in get_template
    return Template(self.engine.get_template(template_name), self)
                    ^^^^^^^^^^^^^^^^^^^^^^^^^^^^^^^^^^^^^^^
  File "C:\Users\dicky.anwar\Videos\app\ERP-PythonDjango-4.2\env\Lib\site-packages\django\template\engine.py", line 177, in get_template
    template, origin = self.find_template(template_name)
                       ^^^^^^^^^^^^^^^^^^^^^^^^^^^^^^^^^
  File "C:\Users\dicky.anwar\Videos\app\ERP-PythonDjango-4.2\env\Lib\site-packages\django\template\engine.py", line 159, in find_template
    template = loader.get_template(name, skip=skip)
               ^^^^^^^^^^^^^^^^^^^^^^^^^^^^^^^^^^^^
  File "C:\Users\dicky.anwar\Videos\app\ERP-PythonDjango-4.2\env\Lib\site-packages\django\template\loaders\cached.py", line 57, in get_template
    template = super().get_template(template_name, skip)
               ^^^^^^^^^^^^^^^^^^^^^^^^^^^^^^^^^^^^^^^^^
  File "C:\Users\dicky.anwar\Videos\app\ERP-PythonDjango-4.2\env\Lib\site-packages\django\template\loaders\base.py", line 28, in get_template
    return Template(
           ^^^^^^^^^
  File "C:\Users\dicky.anwar\Videos\app\ERP-PythonDjango-4.2\env\Lib\site-packages\django\template\base.py", line 154, in __init__
    self.nodelist = self.compile_nodelist()
                    ^^^^^^^^^^^^^^^^^^^^^^^
  File "C:\Users\dicky.anwar\Videos\app\ERP-PythonDjango-4.2\env\Lib\site-packages\django\template\base.py", line 196, in compile_nodelist
    nodelist = parser.parse()
               ^^^^^^^^^^^^^^
  File "C:\Users\dicky.anwar\Videos\app\ERP-PythonDjango-4.2\env\Lib\site-packages\django\template\base.py", line 518, in parse
    raise self.error(token, e)
  File "C:\Users\dicky.anwar\Videos\app\ERP-PythonDjango-4.2\env\Lib\site-packages\django\template\base.py", line 516, in parse
    compiled_result = compile_func(self, token)
                      ^^^^^^^^^^^^^^^^^^^^^^^^^
  File "C:\Users\dicky.anwar\Videos\app\ERP-PythonDjango-4.2\env\Lib\site-packages\django\template\defaulttags.py", line 1097, in load
    lib = find_library(parser, name)
          ^^^^^^^^^^^^^^^^^^^^^^^^^^
  File "C:\Users\dicky.anwar\Videos\app\ERP-PythonDjango-4.2\env\Lib\site-packages\django\template\defaulttags.py", line 1037, in find_library
    raise TemplateSyntaxError(
django.template.exceptions.TemplateSyntaxError: 'custom_filters' is not a registered tag library. Must be one of:
admin_list
admin_modify
admin_urls
cache
i18n
l10n
log
static
tz
2025-03-15 09:07:44,778 - INFO - C:\Users\dicky.anwar\Videos\app\ERP-PythonDjango-4.2\erp\backend\modul.py changed, reloading.
2025-03-15 09:09:28,262 - INFO - C:\Users\dicky.anwar\Videos\app\ERP-PythonDjango-4.2\erp\backend\modul.py changed, reloading.
2025-03-15 09:11:17,306 - INFO - C:\Users\dicky.anwar\Videos\app\ERP-PythonDjango-4.2\erp\backend\modul.py changed, reloading.
2025-03-15 09:12:42,286 - INFO - C:\Users\dicky.anwar\Videos\app\ERP-PythonDjango-4.2\erp\backend\modul.py changed, reloading.
2025-03-15 09:12:51,043 - INFO - C:\Users\dicky.anwar\Videos\app\ERP-PythonDjango-4.2\erp\backend\modul.py changed, reloading.
2025-03-15 09:19:34,533 - INFO - C:\Users\dicky.anwar\Videos\app\ERP-PythonDjango-4.2\erp\urls.py changed, reloading.
2025-03-15 09:19:38,161 - INFO - C:\Users\dicky.anwar\Videos\app\ERP-PythonDjango-4.2\erp\urls.py changed, reloading.
2025-03-15 09:19:45,059 - INFO - C:\Users\dicky.anwar\Videos\app\ERP-PythonDjango-4.2\erp\urls.py changed, reloading.
2025-03-15 09:19:58,901 - INFO - C:\Users\dicky.anwar\Videos\app\ERP-PythonDjango-4.2\erp\urls.py changed, reloading.
2025-03-15 09:20:06,518 - INFO - C:\Users\dicky.anwar\Videos\app\ERP-PythonDjango-4.2\erp\urls.py changed, reloading.
2025-03-15 09:20:10,870 - INFO - C:\Users\dicky.anwar\Videos\app\ERP-PythonDjango-4.2\erp\urls.py changed, reloading.
2025-03-15 09:20:17,352 - INFO - C:\Users\dicky.anwar\Videos\app\ERP-PythonDjango-4.2\erp\urls.py changed, reloading.
2025-03-15 09:20:19,840 - INFO - C:\Users\dicky.anwar\Videos\app\ERP-PythonDjango-4.2\erp\urls.py changed, reloading.
2025-03-15 09:20:25,735 - INFO - C:\Users\dicky.anwar\Videos\app\ERP-PythonDjango-4.2\erp\urls.py changed, reloading.
2025-03-15 09:21:48,833 - INFO - C:\Users\dicky.anwar\Videos\app\ERP-PythonDjango-4.2\erp\backend\modul.py changed, reloading.
2025-03-15 09:29:21,620 - INFO - C:\Users\dicky.anwar\Videos\app\ERP-PythonDjango-4.2\erp\backend\modul.py changed, reloading.
2025-03-15 09:30:36,359 - INFO - C:\Users\dicky.anwar\Videos\app\ERP-PythonDjango-4.2\erp\backend\modul.py changed, reloading.
2025-03-15 09:31:07,082 - INFO - C:\Users\dicky.anwar\Videos\app\ERP-PythonDjango-4.2\erp\backend\modul.py changed, reloading.
2025-03-15 09:31:12,982 - INFO - C:\Users\dicky.anwar\Videos\app\ERP-PythonDjango-4.2\erp\backend\modul.py changed, reloading.
2025-03-15 09:31:45,891 - INFO - C:\Users\dicky.anwar\Videos\app\ERP-PythonDjango-4.2\erp\urls.py changed, reloading.
2025-03-15 09:32:01,766 - DEBUG - Current User ID: 1, Level ID: 1
2025-03-15 09:32:01,776 - DEBUG - Executed Query: 
            SELECT a.id, c.first_name AS sender, a.message, a.created_at 
            FROM helpdesk_inbox AS a
            JOIN auth_user AS c ON a.user_id_sender = c.id
            WHERE a.status != '2' AND (
                (a.user_id_receiver IS NOT NULL AND a.user_id_receiver = %s) OR
                (a.user_id_receiver IS NULL AND a.group_id = %s)
            )
            ORDER BY a.id DESC
         | Params: 1, 1
2025-03-15 09:32:01,776 - DEBUG - Query Result: ((3, 'diky', 'apakah data ini masuk?', datetime.datetime(2025, 2, 5, 1, 20, 21)), (2, 'budi', 'Puji syukur kita panjatkan ke hadirat Tuhan Yang Maha Esa, karena dengan rahmat-Nya, kita semua masih diberi kesempatan untuk berkumpul di sini dalam keadaan sehat wal afiat. Pada kesempatan yang berbahagia ini, saya ingin menyampaikan beberapa patah kata mengenai kebangsaan kita, mengenai apa yang telah kita raih, dan apa yang harus kita perjuangkan bersama untuk masa depan bangsa.\n\nSaudara-saudara sekalian,\nBangsa Indonesia, yang terdiri dari beragam suku, agama, dan budaya, adalah contoh nyata dari kekuatan dalam keberagaman. Sejarah panjang perjuangan kemerdekaan kita telah membuktikan bahwa perbedaan tidaklah menjadi penghalang, melainkan kekuatan yang menyatukan kita. Dari Sabang sampai Merauke, dari Miangas sampai Pulau Rote, kita adalah satu, dalam semangat yang sama: Indonesia maju.', datetime.datetime(2025, 2, 5, 10, 53)), (1, 'ridwan', 'tolong perbaiki', datetime.datetime(2025, 2, 4, 9, 6, 29)))
2025-03-15 09:32:17,859 - ERROR - Internal Server Error: /menu/
Traceback (most recent call last):
  File "C:\Users\dicky.anwar\Videos\app\ERP-PythonDjango-4.2\env\Lib\site-packages\django\db\backends\utils.py", line 105, in _execute
    return self.cursor.execute(sql, params)
           ^^^^^^^^^^^^^^^^^^^^^^^^^^^^^^^^
  File "C:\Users\dicky.anwar\Videos\app\ERP-PythonDjango-4.2\env\Lib\site-packages\django\db\backends\mysql\base.py", line 76, in execute
    return self.cursor.execute(query, args)
           ^^^^^^^^^^^^^^^^^^^^^^^^^^^^^^^^
  File "C:\Users\dicky.anwar\Videos\app\ERP-PythonDjango-4.2\env\Lib\site-packages\MySQLdb\cursors.py", line 179, in execute
    res = self._query(mogrified_query)
          ^^^^^^^^^^^^^^^^^^^^^^^^^^^^
  File "C:\Users\dicky.anwar\Videos\app\ERP-PythonDjango-4.2\env\Lib\site-packages\MySQLdb\cursors.py", line 330, in _query
    db.query(q)
  File "C:\Users\dicky.anwar\Videos\app\ERP-PythonDjango-4.2\env\Lib\site-packages\MySQLdb\connections.py", line 280, in query
    _mysql.connection.query(self, query)
MySQLdb.OperationalError: (1054, "Unknown column 'nama' in 'field list'")

The above exception was the direct cause of the following exception:

Traceback (most recent call last):
  File "C:\Users\dicky.anwar\Videos\app\ERP-PythonDjango-4.2\env\Lib\site-packages\django\core\handlers\exception.py", line 55, in inner
    response = get_response(request)
               ^^^^^^^^^^^^^^^^^^^^^
  File "C:\Users\dicky.anwar\Videos\app\ERP-PythonDjango-4.2\env\Lib\site-packages\django\core\handlers\base.py", line 197, in _get_response
    response = wrapped_callback(request, *callback_args, **callback_kwargs)
               ^^^^^^^^^^^^^^^^^^^^^^^^^^^^^^^^^^^^^^^^^^^^^^^^^^^^^^^^^^^^
  File "C:\Users\dicky.anwar\Videos\app\ERP-PythonDjango-4.2\erp\urls.py", line 14, in wrapper
    return view_func(request, *args, **kwargs)
           ^^^^^^^^^^^^^^^^^^^^^^^^^^^^^^^^^^^
  File "C:\Users\dicky.anwar\Videos\app\ERP-PythonDjango-4.2\erp\backend\modul.py", line 64, in menu
    cursor.execute("SELECT nama FROM auth_group WHERE id = %s ORDER BY nama ASC", [group_id])
  File "C:\Users\dicky.anwar\Videos\app\ERP-PythonDjango-4.2\env\Lib\site-packages\django\db\backends\utils.py", line 122, in execute
    return super().execute(sql, params)
           ^^^^^^^^^^^^^^^^^^^^^^^^^^^^
  File "C:\Users\dicky.anwar\Videos\app\ERP-PythonDjango-4.2\env\Lib\site-packages\django\db\backends\utils.py", line 79, in execute
    return self._execute_with_wrappers(
           ^^^^^^^^^^^^^^^^^^^^^^^^^^^^
  File "C:\Users\dicky.anwar\Videos\app\ERP-PythonDjango-4.2\env\Lib\site-packages\django\db\backends\utils.py", line 92, in _execute_with_wrappers
    return executor(sql, params, many, context)
           ^^^^^^^^^^^^^^^^^^^^^^^^^^^^^^^^^^^^
  File "C:\Users\dicky.anwar\Videos\app\ERP-PythonDjango-4.2\env\Lib\site-packages\django\db\backends\utils.py", line 100, in _execute
    with self.db.wrap_database_errors:
  File "C:\Users\dicky.anwar\Videos\app\ERP-PythonDjango-4.2\env\Lib\site-packages\django\db\utils.py", line 91, in __exit__
    raise dj_exc_value.with_traceback(traceback) from exc_value
  File "C:\Users\dicky.anwar\Videos\app\ERP-PythonDjango-4.2\env\Lib\site-packages\django\db\backends\utils.py", line 105, in _execute
    return self.cursor.execute(sql, params)
           ^^^^^^^^^^^^^^^^^^^^^^^^^^^^^^^^
  File "C:\Users\dicky.anwar\Videos\app\ERP-PythonDjango-4.2\env\Lib\site-packages\django\db\backends\mysql\base.py", line 76, in execute
    return self.cursor.execute(query, args)
           ^^^^^^^^^^^^^^^^^^^^^^^^^^^^^^^^
  File "C:\Users\dicky.anwar\Videos\app\ERP-PythonDjango-4.2\env\Lib\site-packages\MySQLdb\cursors.py", line 179, in execute
    res = self._query(mogrified_query)
          ^^^^^^^^^^^^^^^^^^^^^^^^^^^^
  File "C:\Users\dicky.anwar\Videos\app\ERP-PythonDjango-4.2\env\Lib\site-packages\MySQLdb\cursors.py", line 330, in _query
    db.query(q)
  File "C:\Users\dicky.anwar\Videos\app\ERP-PythonDjango-4.2\env\Lib\site-packages\MySQLdb\connections.py", line 280, in query
    _mysql.connection.query(self, query)
django.db.utils.OperationalError: (1054, "Unknown column 'nama' in 'field list'")
2025-03-15 09:32:32,777 - INFO - C:\Users\dicky.anwar\Videos\app\ERP-PythonDjango-4.2\erp\backend\modul.py changed, reloading.
